2024-09-02 08:36:56,371 [Worker-5: Loading available Gradle versions] INFO  o.e.b.c.i.u.g.PublishedGradleVersions - Gradle version information cache is up-to-date. Trying to read.
2024-09-03 07:33:40,623 [Worker-0: Loading available Gradle versions] INFO  o.e.b.c.i.u.g.PublishedGradleVersions - Gradle version information cache is up-to-date. Trying to read.
2024-09-03 08:22:13,323 [Worker-1: Loading available Gradle versions] INFO  o.e.b.c.i.u.g.PublishedGradleVersions - Gradle version information cache is out-of-date. Trying to update.
2024-09-03 08:26:52,030 [Worker-2: Loading available Gradle versions] INFO  o.e.b.c.i.u.g.PublishedGradleVersions - Gradle version information cache is up-to-date. Trying to read.
2024-09-03 08:43:32,737 [Worker-1: Loading available Gradle versions] INFO  o.e.b.c.i.u.g.PublishedGradleVersions - Gradle version information cache is up-to-date. Trying to read.
2024-09-03 10:26:06,970 [Worker-1: Loading available Gradle versions] INFO  o.e.b.c.i.u.g.PublishedGradleVersions - Gradle version information cache is up-to-date. Trying to read.
2024-09-03 10:35:10,470 [Worker-1: Loading available Gradle versions] INFO  o.e.b.c.i.u.g.PublishedGradleVersions - Gradle version information cache is up-to-date. Trying to read.
2024-09-04 07:31:05,939 [Worker-7: Loading available Gradle versions] INFO  o.e.b.c.i.u.g.PublishedGradleVersions - Gradle version information cache is up-to-date. Trying to read.
2024-09-05 07:36:30,623 [Worker-2: Loading available Gradle versions] INFO  o.e.b.c.i.u.g.PublishedGradleVersions - Gradle version information cache is up-to-date. Trying to read.
2024-09-05 07:40:44,935 [Worker-2: Loading available Gradle versions] INFO  o.e.b.c.i.u.g.PublishedGradleVersions - Gradle version information cache is up-to-date. Trying to read.
2024-09-09 07:32:22,022 [Worker-7: Loading available Gradle versions] INFO  o.e.b.c.i.u.g.PublishedGradleVersions - Gradle version information cache is out-of-date. Trying to update.
2024-09-10 07:36:29,157 [Worker-2: Loading available Gradle versions] INFO  o.e.b.c.i.u.g.PublishedGradleVersions - Gradle version information cache is up-to-date. Trying to read.
2024-09-11 07:25:24,849 [Worker-0: Loading available Gradle versions] INFO  o.e.b.c.i.u.g.PublishedGradleVersions - Gradle version information cache is up-to-date. Trying to read.
2024-09-12 07:45:06,395 [Worker-4: Loading available Gradle versions] INFO  o.e.b.c.i.u.g.PublishedGradleVersions - Gradle version information cache is up-to-date. Trying to read.
2024-09-12 10:32:40,869 [Worker-2: Loading available Gradle versions] INFO  o.e.b.c.i.u.g.PublishedGradleVersions - Gradle version information cache is up-to-date. Trying to read.
2024-09-13 13:30:36,822 [Worker-6: Loading available Gradle versions] INFO  o.e.b.c.i.u.g.PublishedGradleVersions - Gradle version information cache is up-to-date. Trying to read.
2024-09-20 07:31:35,369 [Worker-4: Loading available Gradle versions] INFO  o.e.b.c.i.u.g.PublishedGradleVersions - Gradle version information cache is up-to-date. Trying to read.
2024-09-20 10:18:42,756 [Worker-1: Loading available Gradle versions] INFO  o.e.b.c.i.u.g.PublishedGradleVersions - Gradle version information cache is out-of-date. Trying to update.
2024-09-23 07:26:17,361 [Worker-4: Loading available Gradle versions] INFO  o.e.b.c.i.u.g.PublishedGradleVersions - Gradle version information cache is out-of-date. Trying to update.
2024-09-25 07:40:05,093 [Worker-1: Loading available Gradle versions] INFO  o.e.b.c.i.u.g.PublishedGradleVersions - Gradle version information cache is up-to-date. Trying to read.
2024-09-27 07:30:52,856 [Worker-4: Loading available Gradle versions] INFO  o.e.b.c.i.u.g.PublishedGradleVersions - Gradle version information cache is out-of-date. Trying to update.
2024-09-27 10:23:48,322 [Worker-2: Loading available Gradle versions] INFO  o.e.b.c.i.u.g.PublishedGradleVersions - Gradle version information cache is up-to-date. Trying to read.
2024-09-30 07:24:52,505 [Worker-7: Loading available Gradle versions] INFO  o.e.b.c.i.u.g.PublishedGradleVersions - Gradle version information cache is out-of-date. Trying to update.
2024-10-02 07:26:54,309 [Worker-4: Loading available Gradle versions] INFO  o.e.b.c.i.u.g.PublishedGradleVersions - Gradle version information cache is out-of-date. Trying to update.
2024-10-04 07:21:02,257 [Worker-1: Loading available Gradle versions] INFO  o.e.b.c.i.u.g.PublishedGradleVersions - Gradle version information cache is out-of-date. Trying to update.
2024-10-05 22:03:28,576 [Worker-1: Loading available Gradle versions] INFO  o.e.b.c.i.u.g.PublishedGradleVersions - Gradle version information cache is out-of-date. Trying to update.
2024-10-05 22:03:28,636 [Worker-1: Loading available Gradle versions] INFO  o.e.b.c.i.u.g.PublishedGradleVersions - Updating Gradle version information cache failed. Using outdated cache.
2024-10-08 07:37:17,804 [Worker-2: Loading available Gradle versions] INFO  o.e.b.c.i.u.g.PublishedGradleVersions - Gradle version information cache is up-to-date. Trying to read.
2024-10-09 11:56:33,338 [Worker-1: Loading available Gradle versions] INFO  o.e.b.c.i.u.g.PublishedGradleVersions - Gradle version information cache is up-to-date. Trying to read.
2024-10-11 07:45:51,323 [Worker-4: Loading available Gradle versions] INFO  o.e.b.c.i.u.g.PublishedGradleVersions - Gradle version information cache is up-to-date. Trying to read.
2024-10-14 07:26:25,325 [Worker-1: Loading available Gradle versions] INFO  o.e.b.c.i.u.g.PublishedGradleVersions - Gradle version information cache is out-of-date. Trying to update.
2024-10-14 17:42:21,721 [Worker-4: Loading available Gradle versions] INFO  o.e.b.c.i.u.g.PublishedGradleVersions - Gradle version information cache is up-to-date. Trying to read.
2024-10-15 07:21:08,915 [Worker-1: Loading available Gradle versions] INFO  o.e.b.c.i.u.g.PublishedGradleVersions - Gradle version information cache is up-to-date. Trying to read.
2024-10-16 07:30:13,288 [Worker-2: Loading available Gradle versions] INFO  o.e.b.c.i.u.g.PublishedGradleVersions - Gradle version information cache is up-to-date. Trying to read.
2024-10-18 07:25:19,652 [Worker-4: Loading available Gradle versions] INFO  o.e.b.c.i.u.g.PublishedGradleVersions - Gradle version information cache is out-of-date. Trying to update.
2024-10-18 09:24:16,709 [Worker-7: Loading available Gradle versions] INFO  o.e.b.c.i.u.g.PublishedGradleVersions - Gradle version information cache is up-to-date. Trying to read.
2024-10-21 07:22:11,152 [Worker-1: Loading available Gradle versions] INFO  o.e.b.c.i.u.g.PublishedGradleVersions - Gradle version information cache is out-of-date. Trying to update.
2024-10-21 07:29:37,189 [Worker-4: Loading available Gradle versions] INFO  o.e.b.c.i.u.g.PublishedGradleVersions - Gradle version information cache is up-to-date. Trying to read.
2024-10-22 07:12:34,944 [Worker-1: Loading available Gradle versions] INFO  o.e.b.c.i.u.g.PublishedGradleVersions - Gradle version information cache is up-to-date. Trying to read.
2024-10-25 07:27:53,034 [Worker-1: Loading available Gradle versions] INFO  o.e.b.c.i.u.g.PublishedGradleVersions - Gradle version information cache is up-to-date. Trying to read.
2024-10-28 07:36:41,983 [Worker-1: Loading available Gradle versions] INFO  o.e.b.c.i.u.g.PublishedGradleVersions - Gradle version information cache is out-of-date. Trying to update.
2024-10-29 07:19:44,231 [Worker-5: Loading available Gradle versions] INFO  o.e.b.c.i.u.g.PublishedGradleVersions - Gradle version information cache is up-to-date. Trying to read.
2024-10-31 07:33:51,058 [Worker-6: Loading available Gradle versions] INFO  o.e.b.c.i.u.g.PublishedGradleVersions - Gradle version information cache is up-to-date. Trying to read.
2024-11-02 20:43:41,191 [Worker-4: Loading available Gradle versions] INFO  o.e.b.c.i.u.g.PublishedGradleVersions - Gradle version information cache is out-of-date. Trying to update.
2024-11-04 07:23:45,534 [Worker-5: Loading available Gradle versions] INFO  o.e.b.c.i.u.g.PublishedGradleVersions - Gradle version information cache is out-of-date. Trying to update.
2024-11-04 07:45:36,570 [Worker-1: Loading available Gradle versions] INFO  o.e.b.c.i.u.g.PublishedGradleVersions - Gradle version information cache is up-to-date. Trying to read.
2024-11-06 07:39:37,355 [Worker-1: Loading available Gradle versions] INFO  o.e.b.c.i.u.g.PublishedGradleVersions - Gradle version information cache is out-of-date. Trying to update.
2024-11-06 08:16:20,717 [Worker-19: Initializing language server "Spring Boot Language Server"] ERROR reactor.core.publisher.Operators - Operator called default onErrorDropped
reactor.core.Exceptions$ErrorCallbackNotImplemented: java.util.concurrent.CancellationException
Caused by: java.util.concurrent.CancellationException: null
	at java.base/java.util.concurrent.CompletableFuture.cancel(CompletableFuture.java:2510)
	at org.eclipse.lsp4e.LanguageServerWrapper.stop(LanguageServerWrapper.java:535)
	at org.eclipse.lsp4e.LanguageServerWrapper.start(LanguageServerWrapper.java:278)
	at org.eclipse.lsp4e.LanguageServerWrapper.start(LanguageServerWrapper.java:248)
	at org.eclipse.lsp4e.LanguageServerWrapper.getInitializedServer(LanguageServerWrapper.java:784)
	at org.eclipse.lsp4e.LanguageServerWrapper.getServerCapabilities(LanguageServerWrapper.java:895)
	at org.eclipse.lsp4e.LanguageServiceAccessor.capabilitiesComply(LanguageServiceAccessor.java:205)
	at org.eclipse.lsp4e.LanguageServiceAccessor.getStartedWrappers(LanguageServiceAccessor.java:428)
	at org.eclipse.lsp4e.LanguageServiceAccessor.getStartedWrappers(LanguageServiceAccessor.java:416)
	at org.eclipse.lsp4e.LanguageServers$LanguageServerProjectExecutor.getServers(LanguageServers.java:340)
	at org.eclipse.lsp4e.LanguageServers.executeOnServers(LanguageServers.java:437)
	at org.eclipse.lsp4e.LanguageServers.collectAll(LanguageServers.java:93)
	at org.eclipse.lsp4e.LanguageServers.collectAll(LanguageServers.java:75)
	at org.springframework.ide.eclipse.boot.dash.liveprocess.DefaultLiveProcessCommandExecutor.executeCommand(DefaultLiveProcessCommandExecutor.java:54)
	at org.springframework.ide.eclipse.boot.dash.BootDashActivator$1.stateChanged(BootDashActivator.java:219)
	at org.springframework.ide.eclipse.boot.dash.BootDashActivator$1.stateChanged(BootDashActivator.java:1)
	at org.springframework.ide.eclipse.boot.dash.util.RunStateTracker.updateOwnerStatesAndFireEvents(RunStateTracker.java:216)
	at org.springframework.ide.eclipse.boot.dash.util.RunStateTracker$1.gotValue(RunStateTracker.java:151)
	at org.springframework.ide.eclipse.boot.dash.util.RunStateTracker$1.gotValue(RunStateTracker.java:1)
	at org.springsource.ide.eclipse.commons.livexp.core.LiveExpression.changed(LiveExpression.java:137)
	at org.springsource.ide.eclipse.commons.livexp.core.LiveExpression.refresh(LiveExpression.java:81)
	at org.springsource.ide.eclipse.commons.livexp.core.LiveVariable.setValue(LiveVariable.java:46)
	at org.springframework.ide.eclipse.boot.dash.util.AbstractPollingAppReadyStateMonitor$1.run(AbstractPollingAppReadyStateMonitor.java:51)
	at org.eclipse.core.internal.jobs.Worker.run(Worker.java:63)
2024-11-06 08:16:40,729 [Worker-17: Initializing language server "Spring Boot Language Server"] ERROR reactor.core.publisher.Operators - Operator called default onErrorDropped
reactor.core.Exceptions$ErrorCallbackNotImplemented: java.util.concurrent.CancellationException
Caused by: java.util.concurrent.CancellationException: null
	at java.base/java.util.concurrent.CompletableFuture.cancel(CompletableFuture.java:2510)
	at org.eclipse.lsp4e.LanguageServerWrapper.stop(LanguageServerWrapper.java:535)
	at org.eclipse.lsp4e.LanguageServerWrapper.start(LanguageServerWrapper.java:278)
	at org.eclipse.lsp4e.LanguageServerWrapper.start(LanguageServerWrapper.java:248)
	at org.eclipse.lsp4e.LanguageServerWrapper.getInitializedServer(LanguageServerWrapper.java:784)
	at org.eclipse.lsp4e.LanguageServers$LanguageServerProjectExecutor.getServers(LanguageServers.java:343)
	at org.eclipse.lsp4e.LanguageServers.executeOnServers(LanguageServers.java:437)
	at org.eclipse.lsp4e.LanguageServers.computeFirst(LanguageServers.java:172)
	at org.eclipse.lsp4e.LanguageServers.computeFirst(LanguageServers.java:148)
	at org.springframework.ide.eclipse.boot.launch.BootLsCommandUtils.executeCommand(BootLsCommandUtils.java:45)
	at org.springframework.ide.eclipse.boot.dash.model.AbstractLaunchConfigurationsDashElement.lambda$7(AbstractLaunchConfigurationsDashElement.java:609)
	at org.springframework.ide.eclipse.boot.dash.livexp.PollingLiveExp$3.compute(PollingLiveExp.java:136)
	at org.springsource.ide.eclipse.commons.livexp.core.LiveExpression.refresh(LiveExpression.java:74)
	at org.springframework.ide.eclipse.boot.dash.livexp.PollingLiveExp.refresh(PollingLiveExp.java:73)
	at org.springframework.ide.eclipse.boot.dash.livexp.PollingLiveExp$1.run(PollingLiveExp.java:59)
	at org.eclipse.core.internal.jobs.Worker.run(Worker.java:63)
2024-11-07 07:32:26,961 [Worker-1: Loading available Gradle versions] INFO  o.e.b.c.i.u.g.PublishedGradleVersions - Gradle version information cache is up-to-date. Trying to read.
2024-11-07 07:33:26,423 [main] ERROR reactor.core.publisher.Operators - Operator called default onErrorDropped
reactor.core.Exceptions$ErrorCallbackNotImplemented: java.util.concurrent.CancellationException
Caused by: java.util.concurrent.CancellationException: null
	at java.base/java.util.concurrent.CompletableFuture.cancel(CompletableFuture.java:2510)
	at org.eclipse.lsp4e.LanguageServerWrapper.stop(LanguageServerWrapper.java:535)
	at org.eclipse.lsp4e.LanguageServerWrapper.start(LanguageServerWrapper.java:278)
	at org.eclipse.lsp4e.LanguageServerWrapper.start(LanguageServerWrapper.java:248)
	at org.eclipse.lsp4e.LanguageServerWrapper.getInitializedServer(LanguageServerWrapper.java:784)
	at org.eclipse.lsp4e.LanguageServers$LanguageServerDocumentExecutor.filter(LanguageServers.java:287)
	at java.base/java.util.stream.ReferencePipeline$3$1.accept(ReferencePipeline.java:197)
	at java.base/java.util.Iterator.forEachRemaining(Iterator.java:133)
	at java.base/java.util.Spliterators$IteratorSpliterator.forEachRemaining(Spliterators.java:1939)
	at java.base/java.util.stream.AbstractPipeline.copyInto(AbstractPipeline.java:509)
	at java.base/java.util.stream.AbstractPipeline.wrapAndCopyInto(AbstractPipeline.java:499)
	at java.base/java.util.stream.AbstractPipeline.evaluate(AbstractPipeline.java:575)
	at java.base/java.util.stream.AbstractPipeline.evaluateToArrayNode(AbstractPipeline.java:260)
	at java.base/java.util.stream.ReferencePipeline.toArray(ReferencePipeline.java:616)
	at java.base/java.util.stream.ReferencePipeline.toArray(ReferencePipeline.java:622)
	at java.base/java.util.stream.ReferencePipeline.toList(ReferencePipeline.java:627)
	at org.eclipse.lsp4e.LanguageServers$LanguageServerDocumentExecutor.getServers(LanguageServers.java:297)
	at org.eclipse.lsp4e.internal.LSPDocumentAbstractHandler$LanguageServerDocumentHandlerExecutor.anyMatching(LSPDocumentAbstractHandler.java:60)
	at org.eclipse.lsp4e.internal.LSPDocumentAbstractHandler.setEnabled(LSPDocumentAbstractHandler.java:125)
	at org.eclipse.lsp4e.internal.LSPDocumentAbstractHandler.setEnabled(LSPDocumentAbstractHandler.java:115)
	at org.eclipse.lsp4e.operations.rename.LSPRenameHandler.setEnabled(LSPRenameHandler.java:70)
	at org.eclipse.ui.internal.handlers.HandlerProxy.setEnabled(HandlerProxy.java:223)
	at org.eclipse.ui.internal.handlers.E4HandlerProxy.setEnabled(E4HandlerProxy.java:134)
	at java.base/jdk.internal.reflect.DirectMethodHandleAccessor.invoke(DirectMethodHandleAccessor.java:103)
	at java.base/java.lang.reflect.Method.invoke(Method.java:580)
	at org.eclipse.e4.core.internal.di.MethodRequestor.execute(MethodRequestor.java:58)
	at org.eclipse.e4.core.internal.di.InjectorImpl.invokeUsingClass(InjectorImpl.java:299)
	at org.eclipse.e4.core.internal.di.InjectorImpl.invoke(InjectorImpl.java:233)
	at org.eclipse.e4.core.contexts.ContextInjectionFactory.invoke(ContextInjectionFactory.java:174)
	at org.eclipse.e4.core.commands.internal.HandlerServiceHandler.setEnabled(HandlerServiceHandler.java:91)
	at org.eclipse.core.commands.Command.setEnabled(Command.java:856)
	at org.eclipse.ui.menus.CommandContributionItem.isEnabled(CommandContributionItem.java:932)
	at org.eclipse.ui.menus.CommandContributionItem.updateMenuItem(CommandContributionItem.java:536)
	at org.eclipse.ui.menus.CommandContributionItem.update(CommandContributionItem.java:486)
	at org.eclipse.jface.action.MenuManager.update(MenuManager.java:857)
	at org.eclipse.jface.action.MenuManager.update(MenuManager.java:857)
	at org.eclipse.ui.internal.Workbench.updateActiveWorkbenchWindowMenuManager(Workbench.java:3186)
	at org.eclipse.ui.internal.Workbench.lambda$0(Workbench.java:3168)
	at org.eclipse.jface.bindings.BindingManager.fireBindingManagerChanged(BindingManager.java:896)
	at org.eclipse.jface.bindings.BindingManager.setActiveBindings(BindingManager.java:2178)
	at org.eclipse.jface.bindings.BindingManager.recomputeBindings(BindingManager.java:1737)
	at org.eclipse.jface.bindings.BindingManager.contextManagerChanged(BindingManager.java:693)
	at org.eclipse.core.commands.contexts.ContextManager.fireContextManagerChanged(ContextManager.java:164)
	at org.eclipse.core.commands.contexts.ContextManager.setEventCaching(ContextManager.java:323)
	at org.eclipse.core.commands.contexts.ContextManager.deferUpdates(ContextManager.java:85)
	at org.eclipse.e4.ui.internal.workbench.PartServiceImpl.activate(PartServiceImpl.java:787)
	at org.eclipse.e4.ui.internal.workbench.PartServiceImpl.activate(PartServiceImpl.java:686)
	at org.eclipse.e4.ui.internal.workbench.swt.AbstractPartRenderer.activate(AbstractPartRenderer.java:95)
	at org.eclipse.e4.ui.workbench.renderers.swt.ContributedPartRenderer.lambda$0(ContributedPartRenderer.java:63)
	at org.eclipse.swt.widgets.EventTable.sendEvent(EventTable.java:91)
	at org.eclipse.swt.widgets.Display.sendEvent(Display.java:4285)
	at org.eclipse.swt.widgets.Widget.sendEvent(Widget.java:1160)
	at org.eclipse.swt.widgets.Widget.sendEvent(Widget.java:1184)
	at org.eclipse.swt.widgets.Widget.sendEvent(Widget.java:1169)
	at org.eclipse.swt.widgets.Shell.setActiveControl(Shell.java:1543)
	at org.eclipse.swt.widgets.Shell.WM_MOUSEACTIVATE(Shell.java:2475)
	at org.eclipse.swt.widgets.Control.windowProc(Control.java:4756)
	at org.eclipse.swt.widgets.Canvas.windowProc(Canvas.java:340)
	at org.eclipse.swt.widgets.Decorations.windowProc(Decorations.java:1482)
	at org.eclipse.swt.widgets.Shell.windowProc(Shell.java:2319)
	at org.eclipse.swt.widgets.Display.windowProc(Display.java:5050)
	at org.eclipse.swt.internal.win32.OS.DefWindowProc(Native Method)
	at org.eclipse.swt.widgets.Scrollable.callWindowProc(Scrollable.java:91)
	at org.eclipse.swt.widgets.Control.windowProc(Control.java:4813)
	at org.eclipse.swt.widgets.Display.windowProc(Display.java:5050)
	at org.eclipse.swt.internal.win32.OS.DefWindowProc(Native Method)
	at org.eclipse.swt.widgets.Scrollable.callWindowProc(Scrollable.java:91)
	at org.eclipse.swt.widgets.Control.windowProc(Control.java:4813)
	at org.eclipse.swt.widgets.Display.windowProc(Display.java:5050)
	at org.eclipse.swt.internal.win32.OS.DefWindowProc(Native Method)
	at org.eclipse.swt.widgets.Scrollable.callWindowProc(Scrollable.java:91)
	at org.eclipse.swt.widgets.Control.windowProc(Control.java:4813)
	at org.eclipse.swt.widgets.Display.windowProc(Display.java:5050)
	at org.eclipse.swt.internal.win32.OS.DefWindowProc(Native Method)
	at org.eclipse.swt.widgets.Scrollable.callWindowProc(Scrollable.java:91)
	at org.eclipse.swt.widgets.Control.windowProc(Control.java:4813)
	at org.eclipse.swt.widgets.Display.windowProc(Display.java:5050)
	at org.eclipse.swt.internal.win32.OS.DefWindowProc(Native Method)
	at org.eclipse.swt.widgets.Scrollable.callWindowProc(Scrollable.java:91)
	at org.eclipse.swt.widgets.Control.windowProc(Control.java:4813)
	at org.eclipse.swt.widgets.Display.windowProc(Display.java:5050)
	at org.eclipse.swt.internal.win32.OS.DefWindowProc(Native Method)
	at org.eclipse.swt.widgets.Scrollable.callWindowProc(Scrollable.java:91)
	at org.eclipse.swt.widgets.Control.windowProc(Control.java:4813)
	at org.eclipse.swt.widgets.Display.windowProc(Display.java:5050)
	at org.eclipse.swt.internal.win32.OS.DefWindowProc(Native Method)
	at org.eclipse.swt.widgets.Scrollable.callWindowProc(Scrollable.java:91)
	at org.eclipse.swt.widgets.Control.windowProc(Control.java:4813)
	at org.eclipse.swt.widgets.Display.windowProc(Display.java:5050)
	at org.eclipse.swt.internal.win32.OS.DefWindowProc(Native Method)
	at org.eclipse.swt.widgets.Scrollable.callWindowProc(Scrollable.java:91)
	at org.eclipse.swt.widgets.Control.windowProc(Control.java:4813)
	at org.eclipse.swt.widgets.Display.windowProc(Display.java:5050)
	at org.eclipse.swt.internal.win32.OS.DefWindowProc(Native Method)
	at org.eclipse.swt.widgets.Scrollable.callWindowProc(Scrollable.java:91)
	at org.eclipse.swt.widgets.Control.windowProc(Control.java:4813)
	at org.eclipse.swt.widgets.Display.windowProc(Display.java:5050)
	at org.eclipse.swt.internal.win32.OS.DefWindowProc(Native Method)
	at org.eclipse.swt.widgets.Scrollable.callWindowProc(Scrollable.java:91)
	at org.eclipse.swt.widgets.Control.windowProc(Control.java:4813)
	at org.eclipse.swt.widgets.Display.windowProc(Display.java:5050)
	at org.eclipse.swt.internal.win32.OS.DefWindowProc(Native Method)
	at org.eclipse.swt.widgets.Scrollable.callWindowProc(Scrollable.java:91)
	at org.eclipse.swt.widgets.Control.windowProc(Control.java:4813)
	at org.eclipse.swt.widgets.Display.windowProc(Display.java:5050)
	at org.eclipse.swt.internal.win32.OS.DefWindowProc(Native Method)
	at org.eclipse.swt.widgets.Scrollable.callWindowProc(Scrollable.java:91)
	at org.eclipse.swt.widgets.Control.windowProc(Control.java:4813)
	at org.eclipse.swt.widgets.Display.windowProc(Display.java:5050)
	at org.eclipse.swt.internal.win32.OS.DefWindowProc(Native Method)
	at org.eclipse.swt.widgets.Scrollable.callWindowProc(Scrollable.java:91)
	at org.eclipse.swt.widgets.Control.windowProc(Control.java:4813)
	at org.eclipse.swt.widgets.Canvas.windowProc(Canvas.java:340)
	at org.eclipse.swt.widgets.Display.windowProc(Display.java:5050)
	at org.eclipse.swt.internal.win32.OS.DefWindowProc(Native Method)
	at org.eclipse.swt.widgets.Scrollable.callWindowProc(Scrollable.java:91)
	at org.eclipse.swt.widgets.Control.windowProc(Control.java:4813)
	at org.eclipse.swt.widgets.Canvas.windowProc(Canvas.java:340)
	at org.eclipse.swt.widgets.Display.windowProc(Display.java:5050)
	at org.eclipse.swt.internal.win32.OS.PeekMessage(Native Method)
	at org.eclipse.swt.widgets.Display.readAndDispatch(Display.java:3668)
	at org.eclipse.e4.ui.internal.workbench.swt.PartRenderingEngine$5.run(PartRenderingEngine.java:1151)
	at org.eclipse.core.databinding.observable.Realm.runWithDefault(Realm.java:339)
	at org.eclipse.e4.ui.internal.workbench.swt.PartRenderingEngine.run(PartRenderingEngine.java:1042)
	at org.eclipse.e4.ui.internal.workbench.E4Workbench.createAndRunUI(E4Workbench.java:152)
	at org.eclipse.ui.internal.Workbench.lambda$3(Workbench.java:639)
	at org.eclipse.core.databinding.observable.Realm.runWithDefault(Realm.java:339)
	at org.eclipse.ui.internal.Workbench.createAndRunWorkbench(Workbench.java:546)
	at org.eclipse.ui.PlatformUI.createAndRunWorkbench(PlatformUI.java:173)
	at org.eclipse.ui.internal.ide.application.IDEApplication.start(IDEApplication.java:152)
	at org.eclipse.equinox.internal.app.EclipseAppHandle.run(EclipseAppHandle.java:208)
	at org.eclipse.core.runtime.internal.adaptor.EclipseAppLauncher.runApplication(EclipseAppLauncher.java:143)
	at org.eclipse.core.runtime.internal.adaptor.EclipseAppLauncher.start(EclipseAppLauncher.java:109)
	at org.eclipse.core.runtime.adaptor.EclipseStarter.run(EclipseStarter.java:439)
	at org.eclipse.core.runtime.adaptor.EclipseStarter.run(EclipseStarter.java:271)
	at java.base/jdk.internal.reflect.DirectMethodHandleAccessor.invoke(DirectMethodHandleAccessor.java:103)
	at java.base/java.lang.reflect.Method.invoke(Method.java:580)
	at org.eclipse.equinox.launcher.Main.invokeFramework(Main.java:668)
	at org.eclipse.equinox.launcher.Main.basicRun(Main.java:605)
	at org.eclipse.equinox.launcher.Main.run(Main.java:1481)
2024-11-07 16:01:02,181 [Worker-2: Loading available Gradle versions] INFO  o.e.b.c.i.u.g.PublishedGradleVersions - Gradle version information cache is up-to-date. Trying to read.
2024-11-07 16:01:53,487 [Worker-1: Initializing language server "Spring Boot Language Server"] ERROR reactor.core.publisher.Operators - Operator called default onErrorDropped
reactor.core.Exceptions$ErrorCallbackNotImplemented: java.util.concurrent.CancellationException
Caused by: java.util.concurrent.CancellationException: null
	at java.base/java.util.concurrent.CompletableFuture.cancel(CompletableFuture.java:2510)
	at org.eclipse.lsp4e.LanguageServerWrapper.stop(LanguageServerWrapper.java:535)
	at org.eclipse.lsp4e.LanguageServerWrapper.start(LanguageServerWrapper.java:278)
	at org.eclipse.lsp4e.LanguageServerWrapper.start(LanguageServerWrapper.java:248)
	at org.eclipse.lsp4e.LanguageServerWrapper.getInitializedServer(LanguageServerWrapper.java:784)
	at org.eclipse.lsp4e.LanguageServers$LanguageServerProjectExecutor.getServers(LanguageServers.java:343)
	at org.eclipse.lsp4e.LanguageServers.executeOnServers(LanguageServers.java:437)
	at org.eclipse.lsp4e.LanguageServers.computeFirst(LanguageServers.java:172)
	at org.eclipse.lsp4e.LanguageServers.computeFirst(LanguageServers.java:148)
	at org.springframework.ide.eclipse.boot.launch.BootLsCommandUtils.executeCommand(BootLsCommandUtils.java:45)
	at org.springframework.ide.eclipse.boot.dash.model.AbstractLaunchConfigurationsDashElement.lambda$7(AbstractLaunchConfigurationsDashElement.java:609)
	at org.springframework.ide.eclipse.boot.dash.livexp.PollingLiveExp$3.compute(PollingLiveExp.java:136)
	at org.springsource.ide.eclipse.commons.livexp.core.LiveExpression.refresh(LiveExpression.java:74)
	at org.springframework.ide.eclipse.boot.dash.livexp.PollingLiveExp.refresh(PollingLiveExp.java:73)
	at org.springframework.ide.eclipse.boot.dash.livexp.PollingLiveExp$1.run(PollingLiveExp.java:59)
	at org.eclipse.core.internal.jobs.Worker.run(Worker.java:63)
2024-11-11 07:37:51,053 [Worker-5: Loading available Gradle versions] INFO  o.e.b.c.i.u.g.PublishedGradleVersions - Gradle version information cache is out-of-date. Trying to update.
2024-11-11 07:38:35,154 [Worker-5: Initializing language server "Spring Boot Language Server"] ERROR reactor.core.publisher.Operators - Operator called default onErrorDropped
reactor.core.Exceptions$ErrorCallbackNotImplemented: java.util.concurrent.CancellationException
Caused by: java.util.concurrent.CancellationException: null
	at java.base/java.util.concurrent.CompletableFuture.cancel(CompletableFuture.java:2510)
	at org.eclipse.lsp4e.LanguageServerWrapper.stop(LanguageServerWrapper.java:535)
	at org.eclipse.lsp4e.LanguageServerWrapper.start(LanguageServerWrapper.java:278)
	at org.eclipse.lsp4e.LanguageServerWrapper.start(LanguageServerWrapper.java:248)
	at org.eclipse.lsp4e.LanguageServerWrapper.getInitializedServer(LanguageServerWrapper.java:784)
	at org.eclipse.lsp4e.LanguageServers$LanguageServerDocumentExecutor.filter(LanguageServers.java:287)
	at java.base/java.util.stream.ReferencePipeline$3$1.accept(ReferencePipeline.java:197)
	at java.base/java.util.Iterator.forEachRemaining(Iterator.java:133)
	at java.base/java.util.Spliterators$IteratorSpliterator.forEachRemaining(Spliterators.java:1939)
	at java.base/java.util.stream.AbstractPipeline.copyInto(AbstractPipeline.java:509)
	at java.base/java.util.stream.AbstractPipeline.wrapAndCopyInto(AbstractPipeline.java:499)
	at java.base/java.util.stream.AbstractPipeline.evaluate(AbstractPipeline.java:575)
	at java.base/java.util.stream.AbstractPipeline.evaluateToArrayNode(AbstractPipeline.java:260)
	at java.base/java.util.stream.ReferencePipeline.toArray(ReferencePipeline.java:616)
	at java.base/java.util.stream.ReferencePipeline.toArray(ReferencePipeline.java:622)
	at java.base/java.util.stream.ReferencePipeline.toList(ReferencePipeline.java:627)
	at org.eclipse.lsp4e.LanguageServers$LanguageServerDocumentExecutor.getServers(LanguageServers.java:297)
	at org.eclipse.lsp4e.internal.LSPDocumentAbstractHandler$LanguageServerDocumentHandlerExecutor.anyMatching(LSPDocumentAbstractHandler.java:60)
	at org.eclipse.lsp4e.internal.LSPDocumentAbstractHandler.setEnabled(LSPDocumentAbstractHandler.java:125)
	at org.eclipse.lsp4e.internal.LSPDocumentAbstractHandler.setEnabled(LSPDocumentAbstractHandler.java:115)
	at org.eclipse.lsp4e.operations.rename.LSPRenameHandler.setEnabled(LSPRenameHandler.java:70)
	at org.eclipse.ui.internal.handlers.HandlerProxy.setEnabled(HandlerProxy.java:223)
	at org.eclipse.ui.internal.handlers.E4HandlerProxy.setEnabled(E4HandlerProxy.java:134)
	at java.base/jdk.internal.reflect.DirectMethodHandleAccessor.invoke(DirectMethodHandleAccessor.java:103)
	at java.base/java.lang.reflect.Method.invoke(Method.java:580)
	at org.eclipse.e4.core.internal.di.MethodRequestor.execute(MethodRequestor.java:58)
	at org.eclipse.e4.core.internal.di.InjectorImpl.invokeUsingClass(InjectorImpl.java:299)
	at org.eclipse.e4.core.internal.di.InjectorImpl.invoke(InjectorImpl.java:233)
	at org.eclipse.e4.core.contexts.ContextInjectionFactory.invoke(ContextInjectionFactory.java:174)
	at org.eclipse.e4.core.commands.internal.HandlerServiceHandler.setEnabled(HandlerServiceHandler.java:91)
	at org.eclipse.core.commands.Command.setEnabled(Command.java:856)
	at org.eclipse.ui.menus.CommandContributionItem.isEnabled(CommandContributionItem.java:932)
	at org.eclipse.ui.menus.CommandContributionItem.updateMenuItem(CommandContributionItem.java:536)
	at org.eclipse.ui.menus.CommandContributionItem.update(CommandContributionItem.java:486)
	at org.eclipse.jface.action.MenuManager.update(MenuManager.java:857)
	at org.eclipse.jface.action.MenuManager.update(MenuManager.java:857)
	at org.eclipse.ui.internal.Workbench.updateActiveWorkbenchWindowMenuManager(Workbench.java:3186)
	at org.eclipse.ui.internal.Workbench.lambda$0(Workbench.java:3168)
	at org.eclipse.jface.bindings.BindingManager.fireBindingManagerChanged(BindingManager.java:896)
	at org.eclipse.jface.bindings.BindingManager.setActiveBindings(BindingManager.java:2178)
	at org.eclipse.jface.bindings.BindingManager.recomputeBindings(BindingManager.java:1737)
	at org.eclipse.jface.bindings.BindingManager.contextManagerChanged(BindingManager.java:693)
	at org.eclipse.core.commands.contexts.ContextManager.fireContextManagerChanged(ContextManager.java:164)
	at org.eclipse.core.commands.contexts.ContextManager.setEventCaching(ContextManager.java:323)
	at org.eclipse.core.commands.contexts.ContextManager.deferUpdates(ContextManager.java:85)
	at org.eclipse.e4.ui.internal.workbench.PartServiceImpl.activate(PartServiceImpl.java:787)
	at org.eclipse.e4.ui.internal.workbench.PartServiceImpl.activate(PartServiceImpl.java:686)
	at org.eclipse.e4.ui.internal.workbench.swt.AbstractPartRenderer.activate(AbstractPartRenderer.java:95)
	at org.eclipse.e4.ui.workbench.renderers.swt.ContributedPartRenderer.lambda$0(ContributedPartRenderer.java:63)
	at org.eclipse.swt.widgets.EventTable.sendEvent(EventTable.java:91)
	at org.eclipse.swt.widgets.Display.sendEvent(Display.java:4285)
	at org.eclipse.swt.widgets.Widget.sendEvent(Widget.java:1160)
	at org.eclipse.swt.widgets.Widget.sendEvent(Widget.java:1184)
	at org.eclipse.swt.widgets.Widget.sendEvent(Widget.java:1169)
	at org.eclipse.swt.widgets.Shell.setActiveControl(Shell.java:1543)
	at org.eclipse.swt.widgets.Shell.WM_MOUSEACTIVATE(Shell.java:2475)
	at org.eclipse.swt.widgets.Control.windowProc(Control.java:4756)
	at org.eclipse.swt.widgets.Canvas.windowProc(Canvas.java:340)
	at org.eclipse.swt.widgets.Decorations.windowProc(Decorations.java:1482)
	at org.eclipse.swt.widgets.Shell.windowProc(Shell.java:2319)
	at org.eclipse.swt.widgets.Display.windowProc(Display.java:5050)
	at org.eclipse.swt.internal.win32.OS.DefWindowProc(Native Method)
	at org.eclipse.swt.widgets.Scrollable.callWindowProc(Scrollable.java:91)
	at org.eclipse.swt.widgets.Control.windowProc(Control.java:4813)
	at org.eclipse.swt.widgets.Display.windowProc(Display.java:5050)
	at org.eclipse.swt.internal.win32.OS.DefWindowProc(Native Method)
	at org.eclipse.swt.widgets.Scrollable.callWindowProc(Scrollable.java:91)
	at org.eclipse.swt.widgets.Control.windowProc(Control.java:4813)
	at org.eclipse.swt.widgets.Display.windowProc(Display.java:5050)
	at org.eclipse.swt.internal.win32.OS.DefWindowProc(Native Method)
	at org.eclipse.swt.widgets.Scrollable.callWindowProc(Scrollable.java:91)
	at org.eclipse.swt.widgets.Control.windowProc(Control.java:4813)
	at org.eclipse.swt.widgets.Display.windowProc(Display.java:5050)
	at org.eclipse.swt.internal.win32.OS.DefWindowProc(Native Method)
	at org.eclipse.swt.widgets.Scrollable.callWindowProc(Scrollable.java:91)
	at org.eclipse.swt.widgets.Control.windowProc(Control.java:4813)
	at org.eclipse.swt.widgets.Display.windowProc(Display.java:5050)
	at org.eclipse.swt.internal.win32.OS.DefWindowProc(Native Method)
	at org.eclipse.swt.widgets.Scrollable.callWindowProc(Scrollable.java:91)
	at org.eclipse.swt.widgets.Control.windowProc(Control.java:4813)
	at org.eclipse.swt.widgets.Display.windowProc(Display.java:5050)
	at org.eclipse.swt.internal.win32.OS.DefWindowProc(Native Method)
	at org.eclipse.swt.widgets.Scrollable.callWindowProc(Scrollable.java:91)
	at org.eclipse.swt.widgets.Control.windowProc(Control.java:4813)
	at org.eclipse.swt.widgets.Display.windowProc(Display.java:5050)
	at org.eclipse.swt.internal.win32.OS.DefWindowProc(Native Method)
	at org.eclipse.swt.widgets.Scrollable.callWindowProc(Scrollable.java:91)
	at org.eclipse.swt.widgets.Control.windowProc(Control.java:4813)
	at org.eclipse.swt.widgets.Display.windowProc(Display.java:5050)
	at org.eclipse.swt.internal.win32.OS.DefWindowProc(Native Method)
	at org.eclipse.swt.widgets.Scrollable.callWindowProc(Scrollable.java:91)
	at org.eclipse.swt.widgets.Control.windowProc(Control.java:4813)
	at org.eclipse.swt.widgets.Display.windowProc(Display.java:5050)
	at org.eclipse.swt.internal.win32.OS.DefWindowProc(Native Method)
	at org.eclipse.swt.widgets.Scrollable.callWindowProc(Scrollable.java:91)
	at org.eclipse.swt.widgets.Control.windowProc(Control.java:4813)
	at org.eclipse.swt.widgets.Display.windowProc(Display.java:5050)
	at org.eclipse.swt.internal.win32.OS.DefWindowProc(Native Method)
	at org.eclipse.swt.widgets.Scrollable.callWindowProc(Scrollable.java:91)
	at org.eclipse.swt.widgets.Control.windowProc(Control.java:4813)
	at org.eclipse.swt.widgets.Display.windowProc(Display.java:5050)
	at org.eclipse.swt.internal.win32.OS.DefWindowProc(Native Method)
	at org.eclipse.swt.widgets.Scrollable.callWindowProc(Scrollable.java:91)
	at org.eclipse.swt.widgets.Control.windowProc(Control.java:4813)
	at org.eclipse.swt.widgets.Display.windowProc(Display.java:5050)
	at org.eclipse.swt.internal.win32.OS.DefWindowProc(Native Method)
	at org.eclipse.swt.widgets.Scrollable.callWindowProc(Scrollable.java:91)
	at org.eclipse.swt.widgets.Control.windowProc(Control.java:4813)
	at org.eclipse.swt.widgets.Display.windowProc(Display.java:5050)
	at org.eclipse.swt.internal.win32.OS.DefWindowProc(Native Method)
	at org.eclipse.swt.widgets.Scrollable.callWindowProc(Scrollable.java:91)
	at org.eclipse.swt.widgets.Control.windowProc(Control.java:4813)
	at org.eclipse.swt.widgets.Canvas.windowProc(Canvas.java:340)
	at org.eclipse.swt.widgets.Display.windowProc(Display.java:5050)
	at org.eclipse.swt.internal.win32.OS.DefWindowProc(Native Method)
	at org.eclipse.swt.widgets.Scrollable.callWindowProc(Scrollable.java:91)
	at org.eclipse.swt.widgets.Control.windowProc(Control.java:4813)
	at org.eclipse.swt.widgets.Canvas.windowProc(Canvas.java:340)
	at org.eclipse.swt.widgets.Display.windowProc(Display.java:5050)
	at org.eclipse.swt.internal.win32.OS.PeekMessage(Native Method)
	at org.eclipse.swt.widgets.Display.readAndDispatch(Display.java:3668)
	at org.eclipse.e4.ui.internal.workbench.swt.PartRenderingEngine$5.run(PartRenderingEngine.java:1151)
	at org.eclipse.core.databinding.observable.Realm.runWithDefault(Realm.java:339)
	at org.eclipse.e4.ui.internal.workbench.swt.PartRenderingEngine.run(PartRenderingEngine.java:1042)
	at org.eclipse.e4.ui.internal.workbench.E4Workbench.createAndRunUI(E4Workbench.java:152)
	at org.eclipse.ui.internal.Workbench.lambda$3(Workbench.java:639)
	at org.eclipse.core.databinding.observable.Realm.runWithDefault(Realm.java:339)
	at org.eclipse.ui.internal.Workbench.createAndRunWorkbench(Workbench.java:546)
	at org.eclipse.ui.PlatformUI.createAndRunWorkbench(PlatformUI.java:173)
	at org.eclipse.ui.internal.ide.application.IDEApplication.start(IDEApplication.java:152)
	at org.eclipse.equinox.internal.app.EclipseAppHandle.run(EclipseAppHandle.java:208)
	at org.eclipse.core.runtime.internal.adaptor.EclipseAppLauncher.runApplication(EclipseAppLauncher.java:143)
	at org.eclipse.core.runtime.internal.adaptor.EclipseAppLauncher.start(EclipseAppLauncher.java:109)
	at org.eclipse.core.runtime.adaptor.EclipseStarter.run(EclipseStarter.java:439)
	at org.eclipse.core.runtime.adaptor.EclipseStarter.run(EclipseStarter.java:271)
	at java.base/jdk.internal.reflect.DirectMethodHandleAccessor.invoke(DirectMethodHandleAccessor.java:103)
	at java.base/java.lang.reflect.Method.invoke(Method.java:580)
	at org.eclipse.equinox.launcher.Main.invokeFramework(Main.java:668)
	at org.eclipse.equinox.launcher.Main.basicRun(Main.java:605)
	at org.eclipse.equinox.launcher.Main.run(Main.java:1481)
2024-11-12 07:30:55,689 [Worker-4: Loading available Gradle versions] INFO  o.e.b.c.i.u.g.PublishedGradleVersions - Gradle version information cache is up-to-date. Trying to read.
2024-11-12 07:31:40,114 [Worker-7: Refresh PollingLiveExp] ERROR reactor.core.publisher.Operators - Operator called default onErrorDropped
reactor.core.Exceptions$ErrorCallbackNotImplemented: java.util.concurrent.CancellationException
Caused by: java.util.concurrent.CancellationException: null
	at java.base/java.util.concurrent.CompletableFuture.cancel(CompletableFuture.java:2510)
	at org.eclipse.lsp4e.LanguageServerWrapper.stop(LanguageServerWrapper.java:535)
	at org.eclipse.lsp4e.LanguageServerWrapper.start(LanguageServerWrapper.java:278)
	at org.eclipse.lsp4e.LanguageServerWrapper.start(LanguageServerWrapper.java:248)
	at org.eclipse.lsp4e.LanguageServerWrapper.getInitializedServer(LanguageServerWrapper.java:784)
	at org.eclipse.lsp4e.LanguageServers$LanguageServerProjectExecutor.getServers(LanguageServers.java:343)
	at org.eclipse.lsp4e.LanguageServers.executeOnServers(LanguageServers.java:437)
	at org.eclipse.lsp4e.LanguageServers.computeFirst(LanguageServers.java:172)
	at org.eclipse.lsp4e.LanguageServers.computeFirst(LanguageServers.java:148)
	at org.springframework.ide.eclipse.boot.launch.BootLsCommandUtils.executeCommand(BootLsCommandUtils.java:45)
	at org.springframework.ide.eclipse.boot.dash.model.AbstractLaunchConfigurationsDashElement.lambda$7(AbstractLaunchConfigurationsDashElement.java:609)
	at org.springframework.ide.eclipse.boot.dash.livexp.PollingLiveExp$3.compute(PollingLiveExp.java:136)
	at org.springsource.ide.eclipse.commons.livexp.core.LiveExpression.refresh(LiveExpression.java:74)
	at org.springframework.ide.eclipse.boot.dash.livexp.PollingLiveExp.refresh(PollingLiveExp.java:73)
	at org.springframework.ide.eclipse.boot.dash.livexp.PollingLiveExp$1.run(PollingLiveExp.java:59)
	at org.eclipse.core.internal.jobs.Worker.run(Worker.java:63)
2024-11-13 07:42:30,204 [Worker-1: Loading available Gradle versions] INFO  o.e.b.c.i.u.g.PublishedGradleVersions - Gradle version information cache is up-to-date. Trying to read.
2024-11-13 07:44:39,970 [Worker-7: Refresh PollingLiveExp] ERROR reactor.core.publisher.Operators - Operator called default onErrorDropped
reactor.core.Exceptions$ErrorCallbackNotImplemented: java.util.concurrent.CancellationException
Caused by: java.util.concurrent.CancellationException: null
	at java.base/java.util.concurrent.CompletableFuture.cancel(CompletableFuture.java:2510)
	at org.eclipse.lsp4e.LanguageServerWrapper.stop(LanguageServerWrapper.java:535)
	at org.eclipse.lsp4e.LanguageServerWrapper.start(LanguageServerWrapper.java:278)
	at org.eclipse.lsp4e.LanguageServerWrapper.start(LanguageServerWrapper.java:248)
	at org.eclipse.lsp4e.LanguageServerWrapper.getInitializedServer(LanguageServerWrapper.java:784)
	at org.eclipse.lsp4e.LanguageServers$LanguageServerProjectExecutor.getServers(LanguageServers.java:343)
	at org.eclipse.lsp4e.LanguageServers.executeOnServers(LanguageServers.java:437)
	at org.eclipse.lsp4e.LanguageServers.computeFirst(LanguageServers.java:172)
	at org.eclipse.lsp4e.LanguageServers.computeFirst(LanguageServers.java:148)
	at org.springframework.ide.eclipse.boot.launch.BootLsCommandUtils.executeCommand(BootLsCommandUtils.java:45)
	at org.springframework.ide.eclipse.boot.dash.model.AbstractLaunchConfigurationsDashElement.lambda$7(AbstractLaunchConfigurationsDashElement.java:609)
	at org.springframework.ide.eclipse.boot.dash.livexp.PollingLiveExp$3.compute(PollingLiveExp.java:136)
	at org.springsource.ide.eclipse.commons.livexp.core.LiveExpression.refresh(LiveExpression.java:74)
	at org.springframework.ide.eclipse.boot.dash.livexp.PollingLiveExp.refresh(PollingLiveExp.java:73)
	at org.springframework.ide.eclipse.boot.dash.livexp.PollingLiveExp$1.run(PollingLiveExp.java:59)
	at org.eclipse.core.internal.jobs.Worker.run(Worker.java:63)
2024-11-14 07:32:39,762 [Worker-0: Loading available Gradle versions] INFO  o.e.b.c.i.u.g.PublishedGradleVersions - Gradle version information cache is up-to-date. Trying to read.
2024-11-14 07:33:23,759 [Worker-1: Refresh PollingLiveExp] ERROR reactor.core.publisher.Operators - Operator called default onErrorDropped
reactor.core.Exceptions$ErrorCallbackNotImplemented: java.util.concurrent.CancellationException
Caused by: java.util.concurrent.CancellationException: null
	at java.base/java.util.concurrent.CompletableFuture.cancel(CompletableFuture.java:2510)
	at org.eclipse.lsp4e.LanguageServerWrapper.stop(LanguageServerWrapper.java:535)
	at org.eclipse.lsp4e.LanguageServerWrapper.start(LanguageServerWrapper.java:278)
	at org.eclipse.lsp4e.LanguageServerWrapper.start(LanguageServerWrapper.java:248)
	at org.eclipse.lsp4e.LanguageServerWrapper.getInitializedServer(LanguageServerWrapper.java:784)
	at org.eclipse.lsp4e.LanguageServers$LanguageServerProjectExecutor.getServers(LanguageServers.java:343)
	at org.eclipse.lsp4e.LanguageServers.executeOnServers(LanguageServers.java:437)
	at org.eclipse.lsp4e.LanguageServers.computeFirst(LanguageServers.java:172)
	at org.eclipse.lsp4e.LanguageServers.computeFirst(LanguageServers.java:148)
	at org.springframework.ide.eclipse.boot.launch.BootLsCommandUtils.executeCommand(BootLsCommandUtils.java:45)
	at org.springframework.ide.eclipse.boot.dash.model.AbstractLaunchConfigurationsDashElement.lambda$7(AbstractLaunchConfigurationsDashElement.java:609)
	at org.springframework.ide.eclipse.boot.dash.livexp.PollingLiveExp$3.compute(PollingLiveExp.java:136)
	at org.springsource.ide.eclipse.commons.livexp.core.LiveExpression.refresh(LiveExpression.java:74)
	at org.springframework.ide.eclipse.boot.dash.livexp.PollingLiveExp.refresh(PollingLiveExp.java:73)
	at org.springframework.ide.eclipse.boot.dash.livexp.PollingLiveExp$1.run(PollingLiveExp.java:59)
	at org.eclipse.core.internal.jobs.Worker.run(Worker.java:63)
2024-11-18 07:09:20,264 [Worker-8: Loading available Gradle versions] INFO  o.e.b.c.i.u.g.PublishedGradleVersions - Gradle version information cache is out-of-date. Trying to update.
2024-11-18 07:13:52,964 [Worker-7: Refresh PollingLiveExp] ERROR reactor.core.publisher.Operators - Operator called default onErrorDropped
reactor.core.Exceptions$ErrorCallbackNotImplemented: java.util.concurrent.CancellationException
Caused by: java.util.concurrent.CancellationException: null
	at java.base/java.util.concurrent.CompletableFuture.cancel(CompletableFuture.java:2510)
	at org.eclipse.lsp4e.LanguageServerWrapper.stop(LanguageServerWrapper.java:535)
	at org.eclipse.lsp4e.LanguageServerWrapper.start(LanguageServerWrapper.java:278)
	at org.eclipse.lsp4e.LanguageServerWrapper.start(LanguageServerWrapper.java:248)
	at org.eclipse.lsp4e.LanguageServerWrapper.getInitializedServer(LanguageServerWrapper.java:784)
	at org.eclipse.lsp4e.LanguageServers$LanguageServerProjectExecutor.getServers(LanguageServers.java:343)
	at org.eclipse.lsp4e.LanguageServers.executeOnServers(LanguageServers.java:437)
	at org.eclipse.lsp4e.LanguageServers.computeFirst(LanguageServers.java:172)
	at org.eclipse.lsp4e.LanguageServers.computeFirst(LanguageServers.java:148)
	at org.springframework.ide.eclipse.boot.launch.BootLsCommandUtils.executeCommand(BootLsCommandUtils.java:45)
	at org.springframework.ide.eclipse.boot.dash.model.AbstractLaunchConfigurationsDashElement.lambda$7(AbstractLaunchConfigurationsDashElement.java:609)
	at org.springframework.ide.eclipse.boot.dash.livexp.PollingLiveExp$3.compute(PollingLiveExp.java:136)
	at org.springsource.ide.eclipse.commons.livexp.core.LiveExpression.refresh(LiveExpression.java:74)
	at org.springframework.ide.eclipse.boot.dash.livexp.PollingLiveExp.refresh(PollingLiveExp.java:73)
	at org.springframework.ide.eclipse.boot.dash.livexp.PollingLiveExp$1.run(PollingLiveExp.java:59)
	at org.eclipse.core.internal.jobs.Worker.run(Worker.java:63)
2024-11-18 07:26:14,771 [Worker-11: Refresh PollingLiveExp] ERROR reactor.core.publisher.Operators - Operator called default onErrorDropped
reactor.core.Exceptions$ErrorCallbackNotImplemented: java.util.concurrent.CancellationException
Caused by: java.util.concurrent.CancellationException: null
	at java.base/java.util.concurrent.CompletableFuture.cancel(CompletableFuture.java:2510)
	at org.eclipse.lsp4e.LanguageServerWrapper.stop(LanguageServerWrapper.java:535)
	at org.eclipse.lsp4e.LanguageServerWrapper.start(LanguageServerWrapper.java:278)
	at org.eclipse.lsp4e.LanguageServerWrapper.start(LanguageServerWrapper.java:248)
	at org.eclipse.lsp4e.LanguageServerWrapper.getInitializedServer(LanguageServerWrapper.java:784)
	at org.eclipse.lsp4e.LanguageServers$LanguageServerProjectExecutor.getServers(LanguageServers.java:343)
	at org.eclipse.lsp4e.LanguageServers.executeOnServers(LanguageServers.java:437)
	at org.eclipse.lsp4e.LanguageServers.computeFirst(LanguageServers.java:172)
	at org.eclipse.lsp4e.LanguageServers.computeFirst(LanguageServers.java:148)
	at org.springframework.ide.eclipse.boot.launch.BootLsCommandUtils.executeCommand(BootLsCommandUtils.java:45)
	at org.springframework.ide.eclipse.boot.dash.model.AbstractLaunchConfigurationsDashElement.lambda$7(AbstractLaunchConfigurationsDashElement.java:609)
	at org.springframework.ide.eclipse.boot.dash.livexp.PollingLiveExp$3.compute(PollingLiveExp.java:136)
	at org.springsource.ide.eclipse.commons.livexp.core.LiveExpression.refresh(LiveExpression.java:74)
	at org.springframework.ide.eclipse.boot.dash.livexp.PollingLiveExp.refresh(PollingLiveExp.java:73)
	at org.springframework.ide.eclipse.boot.dash.livexp.PollingLiveExp$1.run(PollingLiveExp.java:59)
	at org.eclipse.core.internal.jobs.Worker.run(Worker.java:63)
2024-11-18 07:26:39,283 [Worker-18: Refresh PollingLiveExp] ERROR reactor.core.publisher.Operators - Operator called default onErrorDropped
reactor.core.Exceptions$ErrorCallbackNotImplemented: java.util.concurrent.CancellationException
Caused by: java.util.concurrent.CancellationException: null
	at java.base/java.util.concurrent.CompletableFuture.cancel(CompletableFuture.java:2510)
	at org.eclipse.lsp4e.LanguageServerWrapper.stop(LanguageServerWrapper.java:535)
	at org.eclipse.lsp4e.LanguageServerWrapper.start(LanguageServerWrapper.java:278)
	at org.eclipse.lsp4e.LanguageServerWrapper.start(LanguageServerWrapper.java:248)
	at org.eclipse.lsp4e.LanguageServerWrapper.getInitializedServer(LanguageServerWrapper.java:784)
	at org.eclipse.lsp4e.LanguageServers$LanguageServerProjectExecutor.getServers(LanguageServers.java:343)
	at org.eclipse.lsp4e.LanguageServers.executeOnServers(LanguageServers.java:437)
	at org.eclipse.lsp4e.LanguageServers.computeFirst(LanguageServers.java:172)
	at org.eclipse.lsp4e.LanguageServers.computeFirst(LanguageServers.java:148)
	at org.springframework.ide.eclipse.boot.launch.BootLsCommandUtils.executeCommand(BootLsCommandUtils.java:45)
	at org.springframework.ide.eclipse.boot.dash.model.AbstractLaunchConfigurationsDashElement.lambda$7(AbstractLaunchConfigurationsDashElement.java:609)
	at org.springframework.ide.eclipse.boot.dash.livexp.PollingLiveExp$3.compute(PollingLiveExp.java:136)
	at org.springsource.ide.eclipse.commons.livexp.core.LiveExpression.refresh(LiveExpression.java:74)
	at org.springframework.ide.eclipse.boot.dash.livexp.PollingLiveExp.refresh(PollingLiveExp.java:73)
	at org.springframework.ide.eclipse.boot.dash.livexp.PollingLiveExp$1.run(PollingLiveExp.java:59)
	at org.eclipse.core.internal.jobs.Worker.run(Worker.java:63)
2024-11-18 07:53:30,932 [Worker-34: Ready state poller] ERROR reactor.core.publisher.Operators - Operator called default onErrorDropped
reactor.core.Exceptions$ErrorCallbackNotImplemented: java.util.concurrent.CancellationException
Caused by: java.util.concurrent.CancellationException: null
	at java.base/java.util.concurrent.CompletableFuture.cancel(CompletableFuture.java:2510)
	at org.eclipse.lsp4e.LanguageServerWrapper.stop(LanguageServerWrapper.java:535)
	at org.eclipse.lsp4e.LanguageServerWrapper.start(LanguageServerWrapper.java:278)
	at org.eclipse.lsp4e.LanguageServerWrapper.start(LanguageServerWrapper.java:248)
	at org.eclipse.lsp4e.LanguageServerWrapper.getInitializedServer(LanguageServerWrapper.java:784)
	at org.eclipse.lsp4e.LanguageServerWrapper.getServerCapabilities(LanguageServerWrapper.java:895)
	at org.eclipse.lsp4e.LanguageServiceAccessor.capabilitiesComply(LanguageServiceAccessor.java:205)
	at org.eclipse.lsp4e.LanguageServiceAccessor.getStartedWrappers(LanguageServiceAccessor.java:428)
	at org.eclipse.lsp4e.LanguageServiceAccessor.getStartedWrappers(LanguageServiceAccessor.java:416)
	at org.eclipse.lsp4e.LanguageServers$LanguageServerProjectExecutor.getServers(LanguageServers.java:340)
	at org.eclipse.lsp4e.LanguageServers.executeOnServers(LanguageServers.java:437)
	at org.eclipse.lsp4e.LanguageServers.collectAll(LanguageServers.java:93)
	at org.eclipse.lsp4e.LanguageServers.collectAll(LanguageServers.java:75)
	at org.springframework.ide.eclipse.boot.dash.liveprocess.DefaultLiveProcessCommandExecutor.executeCommand(DefaultLiveProcessCommandExecutor.java:54)
	at org.springframework.ide.eclipse.boot.dash.BootDashActivator$1.stateChanged(BootDashActivator.java:219)
	at org.springframework.ide.eclipse.boot.dash.BootDashActivator$1.stateChanged(BootDashActivator.java:1)
	at org.springframework.ide.eclipse.boot.dash.util.RunStateTracker.updateOwnerStatesAndFireEvents(RunStateTracker.java:216)
	at org.springframework.ide.eclipse.boot.dash.util.RunStateTracker$1.gotValue(RunStateTracker.java:151)
	at org.springframework.ide.eclipse.boot.dash.util.RunStateTracker$1.gotValue(RunStateTracker.java:1)
	at org.springsource.ide.eclipse.commons.livexp.core.LiveExpression.changed(LiveExpression.java:137)
	at org.springsource.ide.eclipse.commons.livexp.core.LiveExpression.refresh(LiveExpression.java:81)
	at org.springsource.ide.eclipse.commons.livexp.core.LiveVariable.setValue(LiveVariable.java:46)
	at org.springframework.ide.eclipse.boot.dash.util.AbstractPollingAppReadyStateMonitor$1.run(AbstractPollingAppReadyStateMonitor.java:51)
	at org.eclipse.core.internal.jobs.Worker.run(Worker.java:63)
2024-11-18 07:53:51,990 [Worker-31: Refresh PollingLiveExp] ERROR reactor.core.publisher.Operators - Operator called default onErrorDropped
reactor.core.Exceptions$ErrorCallbackNotImplemented: java.util.concurrent.CancellationException
Caused by: java.util.concurrent.CancellationException: null
	at java.base/java.util.concurrent.CompletableFuture.cancel(CompletableFuture.java:2510)
	at org.eclipse.lsp4e.LanguageServerWrapper.stop(LanguageServerWrapper.java:535)
	at org.eclipse.lsp4e.LanguageServerWrapper.start(LanguageServerWrapper.java:278)
	at org.eclipse.lsp4e.LanguageServerWrapper.start(LanguageServerWrapper.java:248)
	at org.eclipse.lsp4e.LanguageServerWrapper.getInitializedServer(LanguageServerWrapper.java:784)
	at org.eclipse.lsp4e.LanguageServers$LanguageServerProjectExecutor.getServers(LanguageServers.java:343)
	at org.eclipse.lsp4e.LanguageServers.executeOnServers(LanguageServers.java:437)
	at org.eclipse.lsp4e.LanguageServers.computeFirst(LanguageServers.java:172)
	at org.eclipse.lsp4e.LanguageServers.computeFirst(LanguageServers.java:148)
	at org.springframework.ide.eclipse.boot.launch.BootLsCommandUtils.executeCommand(BootLsCommandUtils.java:45)
	at org.springframework.ide.eclipse.boot.dash.model.AbstractLaunchConfigurationsDashElement.lambda$7(AbstractLaunchConfigurationsDashElement.java:609)
	at org.springframework.ide.eclipse.boot.dash.livexp.PollingLiveExp$3.compute(PollingLiveExp.java:136)
	at org.springsource.ide.eclipse.commons.livexp.core.LiveExpression.refresh(LiveExpression.java:74)
	at org.springframework.ide.eclipse.boot.dash.livexp.PollingLiveExp.refresh(PollingLiveExp.java:73)
	at org.springframework.ide.eclipse.boot.dash.livexp.PollingLiveExp$1.run(PollingLiveExp.java:59)
	at org.eclipse.core.internal.jobs.Worker.run(Worker.java:63)
2024-11-21 07:28:10,326 [Worker-1: Loading available Gradle versions] INFO  o.e.b.c.i.u.g.PublishedGradleVersions - Gradle version information cache is out-of-date. Trying to update.
2024-11-21 07:29:48,378 [Worker-5: Refresh PollingLiveExp] ERROR reactor.core.publisher.Operators - Operator called default onErrorDropped
reactor.core.Exceptions$ErrorCallbackNotImplemented: java.util.concurrent.CancellationException
Caused by: java.util.concurrent.CancellationException: null
	at java.base/java.util.concurrent.CompletableFuture.cancel(CompletableFuture.java:2510)
	at org.eclipse.lsp4e.LanguageServerWrapper.stop(LanguageServerWrapper.java:535)
	at org.eclipse.lsp4e.LanguageServerWrapper.start(LanguageServerWrapper.java:278)
	at org.eclipse.lsp4e.LanguageServerWrapper.start(LanguageServerWrapper.java:248)
	at org.eclipse.lsp4e.LanguageServerWrapper.getInitializedServer(LanguageServerWrapper.java:784)
	at org.eclipse.lsp4e.LanguageServers$LanguageServerProjectExecutor.getServers(LanguageServers.java:343)
	at org.eclipse.lsp4e.LanguageServers.executeOnServers(LanguageServers.java:437)
	at org.eclipse.lsp4e.LanguageServers.computeFirst(LanguageServers.java:172)
	at org.eclipse.lsp4e.LanguageServers.computeFirst(LanguageServers.java:148)
	at org.springframework.ide.eclipse.boot.launch.BootLsCommandUtils.executeCommand(BootLsCommandUtils.java:45)
	at org.springframework.ide.eclipse.boot.dash.model.AbstractLaunchConfigurationsDashElement.lambda$7(AbstractLaunchConfigurationsDashElement.java:609)
	at org.springframework.ide.eclipse.boot.dash.livexp.PollingLiveExp$3.compute(PollingLiveExp.java:136)
	at org.springsource.ide.eclipse.commons.livexp.core.LiveExpression.refresh(LiveExpression.java:74)
	at org.springframework.ide.eclipse.boot.dash.livexp.PollingLiveExp.refresh(PollingLiveExp.java:73)
	at org.springframework.ide.eclipse.boot.dash.livexp.PollingLiveExp$1.run(PollingLiveExp.java:59)
	at org.eclipse.core.internal.jobs.Worker.run(Worker.java:63)
2024-11-22 07:47:37,008 [Worker-7: Loading available Gradle versions] INFO  o.e.b.c.i.u.g.PublishedGradleVersions - Gradle version information cache is out-of-date. Trying to update.
2024-11-22 07:48:35,466 [Worker-15: Refresh PollingLiveExp] ERROR reactor.core.publisher.Operators - Operator called default onErrorDropped
reactor.core.Exceptions$ErrorCallbackNotImplemented: java.util.concurrent.CancellationException
Caused by: java.util.concurrent.CancellationException: null
	at java.base/java.util.concurrent.CompletableFuture.cancel(CompletableFuture.java:2510)
	at org.eclipse.lsp4e.LanguageServerWrapper.stop(LanguageServerWrapper.java:535)
	at org.eclipse.lsp4e.LanguageServerWrapper.start(LanguageServerWrapper.java:278)
	at org.eclipse.lsp4e.LanguageServerWrapper.start(LanguageServerWrapper.java:248)
	at org.eclipse.lsp4e.LanguageServerWrapper.getInitializedServer(LanguageServerWrapper.java:784)
	at org.eclipse.lsp4e.LanguageServers$LanguageServerProjectExecutor.getServers(LanguageServers.java:343)
	at org.eclipse.lsp4e.LanguageServers.executeOnServers(LanguageServers.java:437)
	at org.eclipse.lsp4e.LanguageServers.computeFirst(LanguageServers.java:172)
	at org.eclipse.lsp4e.LanguageServers.computeFirst(LanguageServers.java:148)
	at org.springframework.ide.eclipse.boot.launch.BootLsCommandUtils.executeCommand(BootLsCommandUtils.java:45)
	at org.springframework.ide.eclipse.boot.dash.model.AbstractLaunchConfigurationsDashElement.lambda$7(AbstractLaunchConfigurationsDashElement.java:609)
	at org.springframework.ide.eclipse.boot.dash.livexp.PollingLiveExp$3.compute(PollingLiveExp.java:136)
	at org.springsource.ide.eclipse.commons.livexp.core.LiveExpression.refresh(LiveExpression.java:74)
	at org.springframework.ide.eclipse.boot.dash.livexp.PollingLiveExp.refresh(PollingLiveExp.java:73)
	at org.springframework.ide.eclipse.boot.dash.livexp.PollingLiveExp$1.run(PollingLiveExp.java:59)
	at org.eclipse.core.internal.jobs.Worker.run(Worker.java:63)
2024-11-25 07:35:03,437 [Worker-4: Loading available Gradle versions] INFO  o.e.b.c.i.u.g.PublishedGradleVersions - Gradle version information cache is out-of-date. Trying to update.
2024-11-25 07:35:43,076 [Worker-8: Refresh PollingLiveExp] ERROR reactor.core.publisher.Operators - Operator called default onErrorDropped
reactor.core.Exceptions$ErrorCallbackNotImplemented: java.util.concurrent.CancellationException
Caused by: java.util.concurrent.CancellationException: null
	at java.base/java.util.concurrent.CompletableFuture.cancel(CompletableFuture.java:2510)
	at org.eclipse.lsp4e.LanguageServerWrapper.stop(LanguageServerWrapper.java:535)
	at org.eclipse.lsp4e.LanguageServerWrapper.start(LanguageServerWrapper.java:278)
	at org.eclipse.lsp4e.LanguageServerWrapper.start(LanguageServerWrapper.java:248)
	at org.eclipse.lsp4e.LanguageServerWrapper.getInitializedServer(LanguageServerWrapper.java:784)
	at org.eclipse.lsp4e.LanguageServers$LanguageServerProjectExecutor.getServers(LanguageServers.java:343)
	at org.eclipse.lsp4e.LanguageServers.executeOnServers(LanguageServers.java:437)
	at org.eclipse.lsp4e.LanguageServers.computeFirst(LanguageServers.java:172)
	at org.eclipse.lsp4e.LanguageServers.computeFirst(LanguageServers.java:148)
	at org.springframework.ide.eclipse.boot.launch.BootLsCommandUtils.executeCommand(BootLsCommandUtils.java:45)
	at org.springframework.ide.eclipse.boot.dash.model.AbstractLaunchConfigurationsDashElement.lambda$7(AbstractLaunchConfigurationsDashElement.java:609)
	at org.springframework.ide.eclipse.boot.dash.livexp.PollingLiveExp$3.compute(PollingLiveExp.java:136)
	at org.springsource.ide.eclipse.commons.livexp.core.LiveExpression.refresh(LiveExpression.java:74)
	at org.springframework.ide.eclipse.boot.dash.livexp.PollingLiveExp.refresh(PollingLiveExp.java:73)
	at org.springframework.ide.eclipse.boot.dash.livexp.PollingLiveExp$1.run(PollingLiveExp.java:59)
	at org.eclipse.core.internal.jobs.Worker.run(Worker.java:63)
2024-11-25 08:07:10,210 [Worker-24: Refresh PollingLiveExp] ERROR reactor.core.publisher.Operators - Operator called default onErrorDropped
reactor.core.Exceptions$ErrorCallbackNotImplemented: java.util.concurrent.CancellationException
Caused by: java.util.concurrent.CancellationException: null
	at java.base/java.util.concurrent.CompletableFuture.cancel(CompletableFuture.java:2510)
	at org.eclipse.lsp4e.LanguageServerWrapper.stop(LanguageServerWrapper.java:535)
	at org.eclipse.lsp4e.LanguageServerWrapper.start(LanguageServerWrapper.java:278)
	at org.eclipse.lsp4e.LanguageServerWrapper.start(LanguageServerWrapper.java:248)
	at org.eclipse.lsp4e.LanguageServerWrapper.getInitializedServer(LanguageServerWrapper.java:784)
	at org.eclipse.lsp4e.LanguageServers$LanguageServerProjectExecutor.getServers(LanguageServers.java:343)
	at org.eclipse.lsp4e.LanguageServers.executeOnServers(LanguageServers.java:437)
	at org.eclipse.lsp4e.LanguageServers.computeFirst(LanguageServers.java:172)
	at org.eclipse.lsp4e.LanguageServers.computeFirst(LanguageServers.java:148)
	at org.springframework.ide.eclipse.boot.launch.BootLsCommandUtils.executeCommand(BootLsCommandUtils.java:45)
	at org.springframework.ide.eclipse.boot.dash.model.AbstractLaunchConfigurationsDashElement.lambda$7(AbstractLaunchConfigurationsDashElement.java:609)
	at org.springframework.ide.eclipse.boot.dash.livexp.PollingLiveExp$3.compute(PollingLiveExp.java:136)
	at org.springsource.ide.eclipse.commons.livexp.core.LiveExpression.refresh(LiveExpression.java:74)
	at org.springframework.ide.eclipse.boot.dash.livexp.PollingLiveExp.refresh(PollingLiveExp.java:73)
	at org.springframework.ide.eclipse.boot.dash.livexp.PollingLiveExp$1.run(PollingLiveExp.java:59)
	at org.eclipse.core.internal.jobs.Worker.run(Worker.java:63)
2024-11-25 08:07:28,627 [main] ERROR reactor.core.publisher.Operators - Operator called default onErrorDropped
reactor.core.Exceptions$ErrorCallbackNotImplemented: java.util.concurrent.CancellationException
Caused by: java.util.concurrent.CancellationException: null
	at java.base/java.util.concurrent.CompletableFuture.cancel(CompletableFuture.java:2510)
	at org.eclipse.lsp4e.LanguageServerWrapper.stop(LanguageServerWrapper.java:535)
	at org.eclipse.lsp4e.LanguageServerWrapper.start(LanguageServerWrapper.java:278)
	at org.eclipse.lsp4e.LanguageServerWrapper.start(LanguageServerWrapper.java:248)
	at org.eclipse.lsp4e.LanguageServerWrapper.getInitializedServer(LanguageServerWrapper.java:784)
	at org.eclipse.lsp4e.LanguageServers$LanguageServerDocumentExecutor.filter(LanguageServers.java:287)
	at java.base/java.util.stream.ReferencePipeline$3$1.accept(ReferencePipeline.java:197)
	at java.base/java.util.Iterator.forEachRemaining(Iterator.java:133)
	at java.base/java.util.Spliterators$IteratorSpliterator.forEachRemaining(Spliterators.java:1939)
	at java.base/java.util.stream.AbstractPipeline.copyInto(AbstractPipeline.java:509)
	at java.base/java.util.stream.AbstractPipeline.wrapAndCopyInto(AbstractPipeline.java:499)
	at java.base/java.util.stream.AbstractPipeline.evaluate(AbstractPipeline.java:575)
	at java.base/java.util.stream.AbstractPipeline.evaluateToArrayNode(AbstractPipeline.java:260)
	at java.base/java.util.stream.ReferencePipeline.toArray(ReferencePipeline.java:616)
	at java.base/java.util.stream.ReferencePipeline.toArray(ReferencePipeline.java:622)
	at java.base/java.util.stream.ReferencePipeline.toList(ReferencePipeline.java:627)
	at org.eclipse.lsp4e.LanguageServers$LanguageServerDocumentExecutor.getServers(LanguageServers.java:297)
	at org.eclipse.lsp4e.internal.LSPDocumentAbstractHandler$LanguageServerDocumentHandlerExecutor.anyMatching(LSPDocumentAbstractHandler.java:60)
	at org.eclipse.lsp4e.internal.LSPDocumentAbstractHandler.setEnabled(LSPDocumentAbstractHandler.java:125)
	at org.eclipse.lsp4e.internal.LSPDocumentAbstractHandler.setEnabled(LSPDocumentAbstractHandler.java:115)
	at org.eclipse.lsp4e.operations.rename.LSPRenameHandler.setEnabled(LSPRenameHandler.java:70)
	at org.eclipse.ui.internal.handlers.HandlerProxy.setEnabled(HandlerProxy.java:223)
	at org.eclipse.ui.internal.handlers.E4HandlerProxy.setEnabled(E4HandlerProxy.java:134)
	at java.base/jdk.internal.reflect.DirectMethodHandleAccessor.invoke(DirectMethodHandleAccessor.java:103)
	at java.base/java.lang.reflect.Method.invoke(Method.java:580)
	at org.eclipse.e4.core.internal.di.MethodRequestor.execute(MethodRequestor.java:58)
	at org.eclipse.e4.core.internal.di.InjectorImpl.invokeUsingClass(InjectorImpl.java:299)
	at org.eclipse.e4.core.internal.di.InjectorImpl.invoke(InjectorImpl.java:233)
	at org.eclipse.e4.core.contexts.ContextInjectionFactory.invoke(ContextInjectionFactory.java:174)
	at org.eclipse.e4.core.commands.internal.HandlerServiceHandler.setEnabled(HandlerServiceHandler.java:91)
	at org.eclipse.core.commands.Command.setEnabled(Command.java:856)
	at org.eclipse.ui.menus.CommandContributionItem.isEnabled(CommandContributionItem.java:932)
	at org.eclipse.ui.menus.CommandContributionItem.updateMenuItem(CommandContributionItem.java:536)
	at org.eclipse.ui.menus.CommandContributionItem.update(CommandContributionItem.java:486)
	at org.eclipse.jface.action.MenuManager.update(MenuManager.java:857)
	at org.eclipse.jface.action.MenuManager.update(MenuManager.java:857)
	at org.eclipse.ui.internal.Workbench.updateActiveWorkbenchWindowMenuManager(Workbench.java:3186)
	at org.eclipse.ui.internal.Workbench.lambda$0(Workbench.java:3168)
	at org.eclipse.jface.bindings.BindingManager.fireBindingManagerChanged(BindingManager.java:896)
	at org.eclipse.jface.bindings.BindingManager.setActiveBindings(BindingManager.java:2178)
	at org.eclipse.jface.bindings.BindingManager.recomputeBindings(BindingManager.java:1737)
	at org.eclipse.jface.bindings.BindingManager.contextManagerChanged(BindingManager.java:693)
	at org.eclipse.core.commands.contexts.ContextManager.fireContextManagerChanged(ContextManager.java:164)
	at org.eclipse.core.commands.contexts.ContextManager.setEventCaching(ContextManager.java:323)
	at org.eclipse.core.commands.contexts.ContextManager.deferUpdates(ContextManager.java:85)
	at org.eclipse.e4.ui.internal.workbench.PartServiceImpl.activate(PartServiceImpl.java:787)
	at org.eclipse.e4.ui.internal.workbench.PartServiceImpl.activate(PartServiceImpl.java:686)
	at org.eclipse.e4.ui.internal.workbench.swt.AbstractPartRenderer.activate(AbstractPartRenderer.java:95)
	at org.eclipse.e4.ui.workbench.renderers.swt.ContributedPartRenderer.lambda$0(ContributedPartRenderer.java:63)
	at org.eclipse.swt.widgets.EventTable.sendEvent(EventTable.java:91)
	at org.eclipse.swt.widgets.Display.sendEvent(Display.java:4285)
	at org.eclipse.swt.widgets.Widget.sendEvent(Widget.java:1160)
	at org.eclipse.swt.widgets.Widget.sendEvent(Widget.java:1184)
	at org.eclipse.swt.widgets.Widget.sendEvent(Widget.java:1169)
	at org.eclipse.swt.widgets.Shell.setActiveControl(Shell.java:1543)
	at org.eclipse.swt.widgets.Shell.WM_MOUSEACTIVATE(Shell.java:2475)
	at org.eclipse.swt.widgets.Control.windowProc(Control.java:4756)
	at org.eclipse.swt.widgets.Canvas.windowProc(Canvas.java:340)
	at org.eclipse.swt.widgets.Decorations.windowProc(Decorations.java:1482)
	at org.eclipse.swt.widgets.Shell.windowProc(Shell.java:2319)
	at org.eclipse.swt.widgets.Display.windowProc(Display.java:5050)
	at org.eclipse.swt.internal.win32.OS.DefWindowProc(Native Method)
	at org.eclipse.swt.widgets.Scrollable.callWindowProc(Scrollable.java:91)
	at org.eclipse.swt.widgets.Control.windowProc(Control.java:4813)
	at org.eclipse.swt.widgets.Display.windowProc(Display.java:5050)
	at org.eclipse.swt.internal.win32.OS.DefWindowProc(Native Method)
	at org.eclipse.swt.widgets.Scrollable.callWindowProc(Scrollable.java:91)
	at org.eclipse.swt.widgets.Control.windowProc(Control.java:4813)
	at org.eclipse.swt.widgets.Display.windowProc(Display.java:5050)
	at org.eclipse.swt.internal.win32.OS.DefWindowProc(Native Method)
	at org.eclipse.swt.widgets.Scrollable.callWindowProc(Scrollable.java:91)
	at org.eclipse.swt.widgets.Control.windowProc(Control.java:4813)
	at org.eclipse.swt.widgets.Display.windowProc(Display.java:5050)
	at org.eclipse.swt.internal.win32.OS.DefWindowProc(Native Method)
	at org.eclipse.swt.widgets.Scrollable.callWindowProc(Scrollable.java:91)
	at org.eclipse.swt.widgets.Control.windowProc(Control.java:4813)
	at org.eclipse.swt.widgets.Display.windowProc(Display.java:5050)
	at org.eclipse.swt.internal.win32.OS.DefWindowProc(Native Method)
	at org.eclipse.swt.widgets.Scrollable.callWindowProc(Scrollable.java:91)
	at org.eclipse.swt.widgets.Control.windowProc(Control.java:4813)
	at org.eclipse.swt.widgets.Display.windowProc(Display.java:5050)
	at org.eclipse.swt.internal.win32.OS.DefWindowProc(Native Method)
	at org.eclipse.swt.widgets.Scrollable.callWindowProc(Scrollable.java:91)
	at org.eclipse.swt.widgets.Control.windowProc(Control.java:4813)
	at org.eclipse.swt.widgets.Display.windowProc(Display.java:5050)
	at org.eclipse.swt.internal.win32.OS.DefWindowProc(Native Method)
	at org.eclipse.swt.widgets.Scrollable.callWindowProc(Scrollable.java:91)
	at org.eclipse.swt.widgets.Control.windowProc(Control.java:4813)
	at org.eclipse.swt.widgets.Display.windowProc(Display.java:5050)
	at org.eclipse.swt.internal.win32.OS.DefWindowProc(Native Method)
	at org.eclipse.swt.widgets.Scrollable.callWindowProc(Scrollable.java:91)
	at org.eclipse.swt.widgets.Control.windowProc(Control.java:4813)
	at org.eclipse.swt.widgets.Display.windowProc(Display.java:5050)
	at org.eclipse.swt.internal.win32.OS.DefWindowProc(Native Method)
	at org.eclipse.swt.widgets.Scrollable.callWindowProc(Scrollable.java:91)
	at org.eclipse.swt.widgets.Control.windowProc(Control.java:4813)
	at org.eclipse.swt.widgets.Display.windowProc(Display.java:5050)
	at org.eclipse.swt.internal.win32.OS.DefWindowProc(Native Method)
	at org.eclipse.swt.widgets.Scrollable.callWindowProc(Scrollable.java:91)
	at org.eclipse.swt.widgets.Control.windowProc(Control.java:4813)
	at org.eclipse.swt.widgets.Display.windowProc(Display.java:5050)
	at org.eclipse.swt.internal.win32.OS.DefWindowProc(Native Method)
	at org.eclipse.swt.widgets.Scrollable.callWindowProc(Scrollable.java:91)
	at org.eclipse.swt.widgets.Control.windowProc(Control.java:4813)
	at org.eclipse.swt.widgets.Display.windowProc(Display.java:5050)
	at org.eclipse.swt.internal.win32.OS.DefWindowProc(Native Method)
	at org.eclipse.swt.widgets.Scrollable.callWindowProc(Scrollable.java:91)
	at org.eclipse.swt.widgets.Control.windowProc(Control.java:4813)
	at org.eclipse.swt.widgets.Display.windowProc(Display.java:5050)
	at org.eclipse.swt.internal.win32.OS.DefWindowProc(Native Method)
	at org.eclipse.swt.widgets.Scrollable.callWindowProc(Scrollable.java:91)
	at org.eclipse.swt.widgets.Control.windowProc(Control.java:4813)
	at org.eclipse.swt.widgets.Display.windowProc(Display.java:5050)
	at org.eclipse.swt.internal.win32.OS.DefWindowProc(Native Method)
	at org.eclipse.swt.widgets.Scrollable.callWindowProc(Scrollable.java:91)
	at org.eclipse.swt.widgets.Control.windowProc(Control.java:4813)
	at org.eclipse.swt.widgets.Display.windowProc(Display.java:5050)
	at org.eclipse.swt.internal.win32.OS.DefWindowProc(Native Method)
	at org.eclipse.swt.widgets.Scrollable.callWindowProc(Scrollable.java:91)
	at org.eclipse.swt.widgets.Control.windowProc(Control.java:4813)
	at org.eclipse.swt.widgets.Canvas.windowProc(Canvas.java:340)
	at org.eclipse.swt.widgets.Display.windowProc(Display.java:5050)
	at org.eclipse.swt.internal.win32.OS.DefWindowProc(Native Method)
	at org.eclipse.swt.widgets.Scrollable.callWindowProc(Scrollable.java:91)
	at org.eclipse.swt.widgets.Control.windowProc(Control.java:4813)
	at org.eclipse.swt.widgets.Canvas.windowProc(Canvas.java:340)
	at org.eclipse.swt.widgets.Display.windowProc(Display.java:5050)
	at org.eclipse.swt.internal.win32.OS.DefWindowProc(Native Method)
	at org.eclipse.swt.widgets.Scrollable.callWindowProc(Scrollable.java:91)
	at org.eclipse.swt.widgets.Control.windowProc(Control.java:4813)
	at org.eclipse.swt.widgets.Canvas.windowProc(Canvas.java:340)
	at org.eclipse.swt.widgets.Display.windowProc(Display.java:5050)
	at org.eclipse.swt.internal.win32.OS.PeekMessage(Native Method)
	at org.eclipse.swt.widgets.Display.readAndDispatch(Display.java:3668)
	at org.eclipse.e4.ui.internal.workbench.swt.PartRenderingEngine$5.run(PartRenderingEngine.java:1151)
	at org.eclipse.core.databinding.observable.Realm.runWithDefault(Realm.java:339)
	at org.eclipse.e4.ui.internal.workbench.swt.PartRenderingEngine.run(PartRenderingEngine.java:1042)
	at org.eclipse.e4.ui.internal.workbench.E4Workbench.createAndRunUI(E4Workbench.java:152)
	at org.eclipse.ui.internal.Workbench.lambda$3(Workbench.java:639)
	at org.eclipse.core.databinding.observable.Realm.runWithDefault(Realm.java:339)
	at org.eclipse.ui.internal.Workbench.createAndRunWorkbench(Workbench.java:546)
	at org.eclipse.ui.PlatformUI.createAndRunWorkbench(PlatformUI.java:173)
	at org.eclipse.ui.internal.ide.application.IDEApplication.start(IDEApplication.java:152)
	at org.eclipse.equinox.internal.app.EclipseAppHandle.run(EclipseAppHandle.java:208)
	at org.eclipse.core.runtime.internal.adaptor.EclipseAppLauncher.runApplication(EclipseAppLauncher.java:143)
	at org.eclipse.core.runtime.internal.adaptor.EclipseAppLauncher.start(EclipseAppLauncher.java:109)
	at org.eclipse.core.runtime.adaptor.EclipseStarter.run(EclipseStarter.java:439)
	at org.eclipse.core.runtime.adaptor.EclipseStarter.run(EclipseStarter.java:271)
	at java.base/jdk.internal.reflect.DirectMethodHandleAccessor.invoke(DirectMethodHandleAccessor.java:103)
	at java.base/java.lang.reflect.Method.invoke(Method.java:580)
	at org.eclipse.equinox.launcher.Main.invokeFramework(Main.java:668)
	at org.eclipse.equinox.launcher.Main.basicRun(Main.java:605)
	at org.eclipse.equinox.launcher.Main.run(Main.java:1481)
2024-11-25 08:11:23,768 [main] ERROR reactor.core.publisher.Operators - Operator called default onErrorDropped
reactor.core.Exceptions$ErrorCallbackNotImplemented: java.util.concurrent.CancellationException
Caused by: java.util.concurrent.CancellationException: null
	at java.base/java.util.concurrent.CompletableFuture.cancel(CompletableFuture.java:2510)
	at org.eclipse.lsp4e.LanguageServerWrapper.stop(LanguageServerWrapper.java:535)
	at org.eclipse.lsp4e.LanguageServerWrapper.start(LanguageServerWrapper.java:278)
	at org.eclipse.lsp4e.LanguageServerWrapper.start(LanguageServerWrapper.java:248)
	at org.eclipse.lsp4e.LanguageServerWrapper.getInitializedServer(LanguageServerWrapper.java:784)
	at org.eclipse.lsp4e.LanguageServers$LanguageServerDocumentExecutor.filter(LanguageServers.java:287)
	at java.base/java.util.stream.ReferencePipeline$3$1.accept(ReferencePipeline.java:197)
	at java.base/java.util.Iterator.forEachRemaining(Iterator.java:133)
	at java.base/java.util.Spliterators$IteratorSpliterator.forEachRemaining(Spliterators.java:1939)
	at java.base/java.util.stream.AbstractPipeline.copyInto(AbstractPipeline.java:509)
	at java.base/java.util.stream.AbstractPipeline.wrapAndCopyInto(AbstractPipeline.java:499)
	at java.base/java.util.stream.AbstractPipeline.evaluate(AbstractPipeline.java:575)
	at java.base/java.util.stream.AbstractPipeline.evaluateToArrayNode(AbstractPipeline.java:260)
	at java.base/java.util.stream.ReferencePipeline.toArray(ReferencePipeline.java:616)
	at java.base/java.util.stream.ReferencePipeline.toArray(ReferencePipeline.java:622)
	at java.base/java.util.stream.ReferencePipeline.toList(ReferencePipeline.java:627)
	at org.eclipse.lsp4e.LanguageServers$LanguageServerDocumentExecutor.getServers(LanguageServers.java:297)
	at org.eclipse.lsp4e.internal.LSPDocumentAbstractHandler$LanguageServerDocumentHandlerExecutor.anyMatching(LSPDocumentAbstractHandler.java:60)
	at org.eclipse.lsp4e.internal.LSPDocumentAbstractHandler.setEnabled(LSPDocumentAbstractHandler.java:125)
	at org.eclipse.lsp4e.internal.LSPDocumentAbstractHandler.setEnabled(LSPDocumentAbstractHandler.java:115)
	at org.eclipse.lsp4e.operations.rename.LSPRenameHandler.setEnabled(LSPRenameHandler.java:70)
	at org.eclipse.ui.internal.handlers.HandlerProxy.setEnabled(HandlerProxy.java:223)
	at org.eclipse.ui.internal.handlers.E4HandlerProxy.setEnabled(E4HandlerProxy.java:134)
	at java.base/jdk.internal.reflect.DirectMethodHandleAccessor.invoke(DirectMethodHandleAccessor.java:103)
	at java.base/java.lang.reflect.Method.invoke(Method.java:580)
	at org.eclipse.e4.core.internal.di.MethodRequestor.execute(MethodRequestor.java:58)
	at org.eclipse.e4.core.internal.di.InjectorImpl.invokeUsingClass(InjectorImpl.java:299)
	at org.eclipse.e4.core.internal.di.InjectorImpl.invoke(InjectorImpl.java:233)
	at org.eclipse.e4.core.contexts.ContextInjectionFactory.invoke(ContextInjectionFactory.java:174)
	at org.eclipse.e4.core.commands.internal.HandlerServiceHandler.setEnabled(HandlerServiceHandler.java:91)
	at org.eclipse.core.commands.Command.setEnabled(Command.java:856)
	at org.eclipse.ui.menus.CommandContributionItem.isEnabled(CommandContributionItem.java:932)
	at org.eclipse.ui.menus.CommandContributionItem.updateMenuItem(CommandContributionItem.java:536)
	at org.eclipse.ui.menus.CommandContributionItem.update(CommandContributionItem.java:486)
	at org.eclipse.jface.action.MenuManager.update(MenuManager.java:857)
	at org.eclipse.jface.action.MenuManager.update(MenuManager.java:857)
	at org.eclipse.ui.internal.Workbench.updateActiveWorkbenchWindowMenuManager(Workbench.java:3186)
	at org.eclipse.ui.internal.Workbench.lambda$0(Workbench.java:3168)
	at org.eclipse.jface.bindings.BindingManager.fireBindingManagerChanged(BindingManager.java:896)
	at org.eclipse.jface.bindings.BindingManager.setActiveBindings(BindingManager.java:2178)
	at org.eclipse.jface.bindings.BindingManager.recomputeBindings(BindingManager.java:1762)
	at org.eclipse.jface.bindings.BindingManager.contextManagerChanged(BindingManager.java:693)
	at org.eclipse.core.commands.contexts.ContextManager.fireContextManagerChanged(ContextManager.java:164)
	at org.eclipse.core.commands.contexts.ContextManager.setEventCaching(ContextManager.java:323)
	at org.eclipse.core.commands.contexts.ContextManager.deferUpdates(ContextManager.java:85)
	at org.eclipse.e4.ui.internal.workbench.PartServiceImpl.activate(PartServiceImpl.java:787)
	at org.eclipse.e4.ui.internal.workbench.PartServiceImpl.activate(PartServiceImpl.java:686)
	at org.eclipse.e4.ui.internal.workbench.swt.AbstractPartRenderer.activate(AbstractPartRenderer.java:95)
	at org.eclipse.e4.ui.workbench.renderers.swt.ContributedPartRenderer.lambda$0(ContributedPartRenderer.java:63)
	at org.eclipse.swt.widgets.EventTable.sendEvent(EventTable.java:91)
	at org.eclipse.swt.widgets.Display.sendEvent(Display.java:4285)
	at org.eclipse.swt.widgets.Widget.sendEvent(Widget.java:1160)
	at org.eclipse.swt.widgets.Widget.sendEvent(Widget.java:1184)
	at org.eclipse.swt.widgets.Widget.sendEvent(Widget.java:1169)
	at org.eclipse.swt.widgets.Shell.setActiveControl(Shell.java:1543)
	at org.eclipse.swt.widgets.Shell.WM_MOUSEACTIVATE(Shell.java:2475)
	at org.eclipse.swt.widgets.Control.windowProc(Control.java:4756)
	at org.eclipse.swt.widgets.Canvas.windowProc(Canvas.java:340)
	at org.eclipse.swt.widgets.Decorations.windowProc(Decorations.java:1482)
	at org.eclipse.swt.widgets.Shell.windowProc(Shell.java:2319)
	at org.eclipse.swt.widgets.Display.windowProc(Display.java:5050)
	at org.eclipse.swt.internal.win32.OS.DefWindowProc(Native Method)
	at org.eclipse.swt.widgets.Scrollable.callWindowProc(Scrollable.java:91)
	at org.eclipse.swt.widgets.Control.windowProc(Control.java:4813)
	at org.eclipse.swt.widgets.Display.windowProc(Display.java:5050)
	at org.eclipse.swt.internal.win32.OS.DefWindowProc(Native Method)
	at org.eclipse.swt.widgets.Scrollable.callWindowProc(Scrollable.java:91)
	at org.eclipse.swt.widgets.Control.windowProc(Control.java:4813)
	at org.eclipse.swt.widgets.Display.windowProc(Display.java:5050)
	at org.eclipse.swt.internal.win32.OS.DefWindowProc(Native Method)
	at org.eclipse.swt.widgets.Scrollable.callWindowProc(Scrollable.java:91)
	at org.eclipse.swt.widgets.Control.windowProc(Control.java:4813)
	at org.eclipse.swt.widgets.Display.windowProc(Display.java:5050)
	at org.eclipse.swt.internal.win32.OS.DefWindowProc(Native Method)
	at org.eclipse.swt.widgets.Scrollable.callWindowProc(Scrollable.java:91)
	at org.eclipse.swt.widgets.Control.windowProc(Control.java:4813)
	at org.eclipse.swt.widgets.Display.windowProc(Display.java:5050)
	at org.eclipse.swt.internal.win32.OS.DefWindowProc(Native Method)
	at org.eclipse.swt.widgets.Scrollable.callWindowProc(Scrollable.java:91)
	at org.eclipse.swt.widgets.Control.windowProc(Control.java:4813)
	at org.eclipse.swt.widgets.Display.windowProc(Display.java:5050)
	at org.eclipse.swt.internal.win32.OS.DefWindowProc(Native Method)
	at org.eclipse.swt.widgets.Scrollable.callWindowProc(Scrollable.java:91)
	at org.eclipse.swt.widgets.Control.windowProc(Control.java:4813)
	at org.eclipse.swt.widgets.Display.windowProc(Display.java:5050)
	at org.eclipse.swt.internal.win32.OS.DefWindowProc(Native Method)
	at org.eclipse.swt.widgets.Scrollable.callWindowProc(Scrollable.java:91)
	at org.eclipse.swt.widgets.Control.windowProc(Control.java:4813)
	at org.eclipse.swt.widgets.Display.windowProc(Display.java:5050)
	at org.eclipse.swt.internal.win32.OS.DefWindowProc(Native Method)
	at org.eclipse.swt.widgets.Scrollable.callWindowProc(Scrollable.java:91)
	at org.eclipse.swt.widgets.Control.windowProc(Control.java:4813)
	at org.eclipse.swt.widgets.Display.windowProc(Display.java:5050)
	at org.eclipse.swt.internal.win32.OS.DefWindowProc(Native Method)
	at org.eclipse.swt.widgets.Scrollable.callWindowProc(Scrollable.java:91)
	at org.eclipse.swt.widgets.Control.windowProc(Control.java:4813)
	at org.eclipse.swt.widgets.Display.windowProc(Display.java:5050)
	at org.eclipse.swt.internal.win32.OS.DefWindowProc(Native Method)
	at org.eclipse.swt.widgets.Scrollable.callWindowProc(Scrollable.java:91)
	at org.eclipse.swt.widgets.Control.windowProc(Control.java:4813)
	at org.eclipse.swt.widgets.Display.windowProc(Display.java:5050)
	at org.eclipse.swt.internal.win32.OS.DefWindowProc(Native Method)
	at org.eclipse.swt.widgets.Scrollable.callWindowProc(Scrollable.java:91)
	at org.eclipse.swt.widgets.Control.windowProc(Control.java:4813)
	at org.eclipse.swt.widgets.Canvas.windowProc(Canvas.java:340)
	at org.eclipse.swt.widgets.Display.windowProc(Display.java:5050)
	at org.eclipse.swt.internal.win32.OS.PeekMessage(Native Method)
	at org.eclipse.swt.widgets.Display.readAndDispatch(Display.java:3668)
	at org.eclipse.e4.ui.internal.workbench.swt.PartRenderingEngine$5.run(PartRenderingEngine.java:1151)
	at org.eclipse.core.databinding.observable.Realm.runWithDefault(Realm.java:339)
	at org.eclipse.e4.ui.internal.workbench.swt.PartRenderingEngine.run(PartRenderingEngine.java:1042)
	at org.eclipse.e4.ui.internal.workbench.E4Workbench.createAndRunUI(E4Workbench.java:152)
	at org.eclipse.ui.internal.Workbench.lambda$3(Workbench.java:639)
	at org.eclipse.core.databinding.observable.Realm.runWithDefault(Realm.java:339)
	at org.eclipse.ui.internal.Workbench.createAndRunWorkbench(Workbench.java:546)
	at org.eclipse.ui.PlatformUI.createAndRunWorkbench(PlatformUI.java:173)
	at org.eclipse.ui.internal.ide.application.IDEApplication.start(IDEApplication.java:152)
	at org.eclipse.equinox.internal.app.EclipseAppHandle.run(EclipseAppHandle.java:208)
	at org.eclipse.core.runtime.internal.adaptor.EclipseAppLauncher.runApplication(EclipseAppLauncher.java:143)
	at org.eclipse.core.runtime.internal.adaptor.EclipseAppLauncher.start(EclipseAppLauncher.java:109)
	at org.eclipse.core.runtime.adaptor.EclipseStarter.run(EclipseStarter.java:439)
	at org.eclipse.core.runtime.adaptor.EclipseStarter.run(EclipseStarter.java:271)
	at java.base/jdk.internal.reflect.DirectMethodHandleAccessor.invoke(DirectMethodHandleAccessor.java:103)
	at java.base/java.lang.reflect.Method.invoke(Method.java:580)
	at org.eclipse.equinox.launcher.Main.invokeFramework(Main.java:668)
	at org.eclipse.equinox.launcher.Main.basicRun(Main.java:605)
	at org.eclipse.equinox.launcher.Main.run(Main.java:1481)
2024-11-25 08:12:44,961 [Worker-4: Refresh PollingLiveExp] ERROR reactor.core.publisher.Operators - Operator called default onErrorDropped
reactor.core.Exceptions$ErrorCallbackNotImplemented: java.util.concurrent.CancellationException
Caused by: java.util.concurrent.CancellationException: null
	at java.base/java.util.concurrent.CompletableFuture.cancel(CompletableFuture.java:2510)
	at org.eclipse.lsp4e.LanguageServerWrapper.stop(LanguageServerWrapper.java:535)
	at org.eclipse.lsp4e.LanguageServerWrapper.start(LanguageServerWrapper.java:278)
	at org.eclipse.lsp4e.LanguageServerWrapper.start(LanguageServerWrapper.java:248)
	at org.eclipse.lsp4e.LanguageServerWrapper.getInitializedServer(LanguageServerWrapper.java:784)
	at org.eclipse.lsp4e.LanguageServers$LanguageServerProjectExecutor.getServers(LanguageServers.java:343)
	at org.eclipse.lsp4e.LanguageServers.executeOnServers(LanguageServers.java:437)
	at org.eclipse.lsp4e.LanguageServers.computeFirst(LanguageServers.java:172)
	at org.eclipse.lsp4e.LanguageServers.computeFirst(LanguageServers.java:148)
	at org.springframework.ide.eclipse.boot.launch.BootLsCommandUtils.executeCommand(BootLsCommandUtils.java:45)
	at org.springframework.ide.eclipse.boot.dash.model.AbstractLaunchConfigurationsDashElement.lambda$7(AbstractLaunchConfigurationsDashElement.java:609)
	at org.springframework.ide.eclipse.boot.dash.livexp.PollingLiveExp$3.compute(PollingLiveExp.java:136)
	at org.springsource.ide.eclipse.commons.livexp.core.LiveExpression.refresh(LiveExpression.java:74)
	at org.springframework.ide.eclipse.boot.dash.livexp.PollingLiveExp.refresh(PollingLiveExp.java:73)
	at org.springframework.ide.eclipse.boot.dash.livexp.PollingLiveExp$1.run(PollingLiveExp.java:59)
	at org.eclipse.core.internal.jobs.Worker.run(Worker.java:63)
